#
# There is insufficient memory for the Java Runtime Environment to continue.
# Native memory allocation (malloc) failed to allocate 1007264 bytes for Chunk::new
# Possible reasons:
#   The system is out of physical RAM or swap space
#   The process is running with CompressedOops enabled, and the Java Heap may be blocking the growth of the native heap
# Possible solutions:
#   Reduce memory load on the system
#   Increase physical memory or swap space
#   Check if swap backing store is full
#   Decrease Java heap size (-Xmx/-Xms)
#   Decrease number of Java threads
#   Decrease Java thread stack sizes (-Xss)
#   Set larger code cache with -XX:ReservedCodeCacheSize=
#   JVM is running with Unscaled Compressed Oops mode in which the Java heap is
#     placed in the first 4GB address space. The Java Heap base address is the
#     maximum limit for the native heap growth. Please use -XX:HeapBaseMinAddress
#     to set the Java Heap base and to place the Java Heap above 4GB virtual address.
# This output file may be truncated or incomplete.
#
#  Out of Memory Error (arena.cpp:189), pid=11736, tid=12628
#
# JRE version: OpenJDK Runtime Environment Corretto-17.0.7.7.1 (17.0.7+7) (build 17.0.7+7-LTS)
# Java VM: OpenJDK 64-Bit Server VM Corretto-17.0.7.7.1 (17.0.7+7-LTS, mixed mode, sharing, tiered, compressed oops, compressed class ptrs, g1 gc, windows-amd64)
# No core dump will be written. Minidumps are not enabled by default on client versions of Windows
#

---------------  S U M M A R Y ------------

Command Line: -Dfile.encoding=windows-1252 -Duser.country=CO -Duser.language=es -Duser.variant com.mvc.spring.Application

Host: AMD A6-5200 APU with Radeon(TM) HD Graphics    , 4 cores, 3G,  Windows 10 , 64 bit Build 19041 (10.0.19041.3155)
Time: Wed Aug 30 20:21:04 2023 Hora est. Pacífico, Sudamérica elapsed time: 19.620918 seconds (0d 0h 0m 19s)

---------------  T H R E A D  ---------------

Current thread (0x00000289a0f20fb0):  JavaThread "C2 CompilerThread0" daemon [_thread_in_native, id=12628, stack(0x000000f02fe00000,0x000000f02ff00000)]


Current CompileTask:
C2:  19621 2480       4       org.springframework.boot.context.properties.source.ConfigurationPropertyName$ElementsParser::parse (234 bytes)

Stack: [0x000000f02fe00000,0x000000f02ff00000]
Native frames: (J=compiled Java code, j=interpreted, Vv=VM code, C=native code)
V  [jvm.dll+0x64b53a]
V  [jvm.dll+0x7fef54]
V  [jvm.dll+0x80070e]
V  [jvm.dll+0x800d63]
V  [jvm.dll+0x236a2b]
V  [jvm.dll+0xbd47c]
V  [jvm.dll+0xbda5c]
V  [jvm.dll+0x350c37]
V  [jvm.dll+0x31b60f]
V  [jvm.dll+0x31aa4a]
V  [jvm.dll+0x20acf5]
V  [jvm.dll+0x20a287]
V  [jvm.dll+0x19a2ed]
V  [jvm.dll+0x21967d]
V  [jvm.dll+0x2178c4]
V  [jvm.dll+0x7b7dcb]
V  [jvm.dll+0x7b237a]
V  [jvm.dll+0x64a3a5]
C  [ucrtbase.dll+0x21bb2]
C  [KERNEL32.DLL+0x17614]
C  [ntdll.dll+0x526b1]


---------------  P R O C E S S  ---------------

Threads class SMR info:
_java_thread_list=0x00000289a5f00be0, length=14, elements={
0x0000028983f7e780, 0x0000028986004140, 0x0000028986005080, 0x000002898601bda0,
0x000002898601c950, 0x000002898601d300, 0x000002898601dcb0, 0x00000289a0f20fb0,
0x00000289a0f235c0, 0x00000289a0f24820, 0x00000289a518e050, 0x00000289a519eb90,
0x00000289a5b7dfa0, 0x00000289a5b55a70
}

Java Threads: ( => current thread )
  0x0000028983f7e780 JavaThread "main" [_thread_blocked, id=7524, stack(0x000000f02f100000,0x000000f02f200000)]
  0x0000028986004140 JavaThread "Reference Handler" daemon [_thread_blocked, id=9700, stack(0x000000f02f800000,0x000000f02f900000)]
  0x0000028986005080 JavaThread "Finalizer" daemon [_thread_blocked, id=12376, stack(0x000000f02f900000,0x000000f02fa00000)]
  0x000002898601bda0 JavaThread "Signal Dispatcher" daemon [_thread_blocked, id=752, stack(0x000000f02fa00000,0x000000f02fb00000)]
  0x000002898601c950 JavaThread "Attach Listener" daemon [_thread_blocked, id=12732, stack(0x000000f02fb00000,0x000000f02fc00000)]
  0x000002898601d300 JavaThread "Service Thread" daemon [_thread_blocked, id=5948, stack(0x000000f02fc00000,0x000000f02fd00000)]
  0x000002898601dcb0 JavaThread "Monitor Deflation Thread" daemon [_thread_blocked, id=13172, stack(0x000000f02fd00000,0x000000f02fe00000)]
=>0x00000289a0f20fb0 JavaThread "C2 CompilerThread0" daemon [_thread_in_native, id=12628, stack(0x000000f02fe00000,0x000000f02ff00000)]
  0x00000289a0f235c0 JavaThread "C1 CompilerThread0" daemon [_thread_blocked, id=8344, stack(0x000000f02ff00000,0x000000f030000000)]
  0x00000289a0f24820 JavaThread "Sweeper thread" daemon [_thread_blocked, id=12540, stack(0x000000f030000000,0x000000f030100000)]
  0x00000289a518e050 JavaThread "Notification Thread" daemon [_thread_blocked, id=8284, stack(0x000000f030100000,0x000000f030200000)]
  0x00000289a519eb90 JavaThread "Common-Cleaner" daemon [_thread_blocked, id=9580, stack(0x000000f030300000,0x000000f030400000)]
  0x00000289a5b7dfa0 JavaThread "Thread-0" [_thread_blocked, id=13200, stack(0x000000f030700000,0x000000f030800000)]
  0x00000289a5b55a70 JavaThread "restartedMain" [_thread_in_Java, id=2628, stack(0x000000f030800000,0x000000f030900000)]

Other Threads:
  0x0000028985ffd360 VMThread "VM Thread" [stack: 0x000000f02f700000,0x000000f02f800000] [id=12684]
  0x00000289a5192940 WatcherThread [stack: 0x000000f030200000,0x000000f030300000] [id=6348]
  0x0000028985f95220 GCTaskThread "GC Thread#0" [stack: 0x000000f02f200000,0x000000f02f300000] [id=6208]
  0x00000289a59e7aa0 GCTaskThread "GC Thread#1" [stack: 0x000000f030400000,0x000000f030500000] [id=12620]
  0x00000289a59e8310 GCTaskThread "GC Thread#2" [stack: 0x000000f030500000,0x000000f030600000] [id=13052]
  0x00000289a59e85c0 GCTaskThread "GC Thread#3" [stack: 0x000000f030600000,0x000000f030700000] [id=4148]
  0x0000028985f9d020 ConcurrentGCThread "G1 Main Marker" [stack: 0x000000f02f300000,0x000000f02f400000] [id=2472]
  0x0000028985f9da30 ConcurrentGCThread "G1 Conc#0" [stack: 0x000000f02f400000,0x000000f02f500000] [id=3116]
  0x0000028985fd9fc0 ConcurrentGCThread "G1 Refine#0" [stack: 0x000000f02f500000,0x000000f02f600000] [id=11088]
  0x0000028985fda9e0 ConcurrentGCThread "G1 Service" [stack: 0x000000f02f600000,0x000000f02f700000] [id=6248]

Threads with active compile tasks:
C2 CompilerThread0    19705 2480       4       org.springframework.boot.context.properties.source.ConfigurationPropertyName$ElementsParser::parse (234 bytes)
C1 CompilerThread0    19705 2528   !   3       org.springframework.core.type.classreading.SimpleMetadataReaderFactory::getMetadataReader (104 bytes)

VM state: not at safepoint (normal execution)

VM Mutex/Monitor currently owned by a thread: None

Heap address: 0x00000000c8a00000, size: 886 MB, Compressed Oops mode: 32-bit

CDS archive(s) mapped at: [0x0000000800000000-0x0000000800bc0000-0x0000000800bc0000), size 12320768, SharedBaseAddress: 0x0000000800000000, ArchiveRelocationMode: 0.
Compressed class space mapped at: 0x0000000801000000-0x0000000841000000, reserved size: 1073741824
Narrow klass base: 0x0000000800000000, Narrow klass shift: 0, Narrow klass range: 0x100000000

GC Precious Log:
 CPUs: 4 total, 4 available
 Memory: 3537M
 Large Page Support: Disabled
 NUMA Support: Disabled
 Compressed Oops: Enabled (32-bit)
 Heap Region Size: 1M
 Heap Min Capacity: 8M
 Heap Initial Capacity: 56M
 Heap Max Capacity: 886M
 Pre-touch: Disabled
 Parallel Workers: 4
 Concurrent Workers: 1
 Concurrent Refinement Workers: 4
 Periodic GC: Disabled

Heap:
 garbage-first heap   total 57344K, used 29879K [0x00000000c8a00000, 0x0000000100000000)
  region size 1024K, 25 young (25600K), 4 survivors (4096K)
 Metaspace       used 19223K, committed 19456K, reserved 1114112K
  class space    used 2439K, committed 2560K, reserved 1048576K

Heap Regions: E=young(eden), S=young(survivor), O=old, HS=humongous(starts), HC=humongous(continues), CS=collection set, F=free, OA=open archive, CA=closed archive, TAMS=top-at-mark-start (previous, next)
|   0|0x00000000c8a00000, 0x00000000c8b00000, 0x00000000c8b00000|100%|HS|  |TAMS 0x00000000c8a00000, 0x00000000c8a00000| Complete 
|   1|0x00000000c8b00000, 0x00000000c8c00000, 0x00000000c8c00000|100%| O|  |TAMS 0x00000000c8b00000, 0x00000000c8b00000| Untracked 
|   2|0x00000000c8c00000, 0x00000000c8d00000, 0x00000000c8d00000|100%| O|  |TAMS 0x00000000c8c00000, 0x00000000c8c00000| Untracked 
|   3|0x00000000c8d00000, 0x00000000c8e00000, 0x00000000c8e00000|100%| O|  |TAMS 0x00000000c8d00000, 0x00000000c8d00000| Untracked 
|   4|0x00000000c8e00000, 0x00000000c8f00000, 0x00000000c8f00000|100%| O|  |TAMS 0x00000000c8e00000, 0x00000000c8e00000| Untracked 
|   5|0x00000000c8f00000, 0x00000000c9000000, 0x00000000c9000000|100%| O|  |TAMS 0x00000000c8f00000, 0x00000000c8f00000| Untracked 
|   6|0x00000000c9000000, 0x00000000c902dc00, 0x00000000c9100000| 17%| O|  |TAMS 0x00000000c9000000, 0x00000000c9000000| Untracked 
|   7|0x00000000c9100000, 0x00000000c9100000, 0x00000000c9200000|  0%| F|  |TAMS 0x00000000c9100000, 0x00000000c9100000| Untracked 
|   8|0x00000000c9200000, 0x00000000c9200000, 0x00000000c9300000|  0%| F|  |TAMS 0x00000000c9200000, 0x00000000c9200000| Untracked 
|   9|0x00000000c9300000, 0x00000000c9300000, 0x00000000c9400000|  0%| F|  |TAMS 0x00000000c9300000, 0x00000000c9300000| Untracked 
|  10|0x00000000c9400000, 0x00000000c9400000, 0x00000000c9500000|  0%| F|  |TAMS 0x00000000c9400000, 0x00000000c9400000| Untracked 
|  11|0x00000000c9500000, 0x00000000c9500000, 0x00000000c9600000|  0%| F|  |TAMS 0x00000000c9500000, 0x00000000c9500000| Untracked 
|  12|0x00000000c9600000, 0x00000000c9600000, 0x00000000c9700000|  0%| F|  |TAMS 0x00000000c9600000, 0x00000000c9600000| Untracked 
|  13|0x00000000c9700000, 0x00000000c9700000, 0x00000000c9800000|  0%| F|  |TAMS 0x00000000c9700000, 0x00000000c9700000| Untracked 
|  14|0x00000000c9800000, 0x00000000c9800000, 0x00000000c9900000|  0%| F|  |TAMS 0x00000000c9800000, 0x00000000c9800000| Untracked 
|  15|0x00000000c9900000, 0x00000000c9900000, 0x00000000c9a00000|  0%| F|  |TAMS 0x00000000c9900000, 0x00000000c9900000| Untracked 
|  16|0x00000000c9a00000, 0x00000000c9a00000, 0x00000000c9b00000|  0%| F|  |TAMS 0x00000000c9a00000, 0x00000000c9a00000| Untracked 
|  17|0x00000000c9b00000, 0x00000000c9b00000, 0x00000000c9c00000|  0%| F|  |TAMS 0x00000000c9b00000, 0x00000000c9b00000| Untracked 
|  18|0x00000000c9c00000, 0x00000000c9c00000, 0x00000000c9d00000|  0%| F|  |TAMS 0x00000000c9c00000, 0x00000000c9c00000| Untracked 
|  19|0x00000000c9d00000, 0x00000000c9d00000, 0x00000000c9e00000|  0%| F|  |TAMS 0x00000000c9d00000, 0x00000000c9d00000| Untracked 
|  20|0x00000000c9e00000, 0x00000000c9e00000, 0x00000000c9f00000|  0%| F|  |TAMS 0x00000000c9e00000, 0x00000000c9e00000| Untracked 
|  21|0x00000000c9f00000, 0x00000000c9f00000, 0x00000000ca000000|  0%| F|  |TAMS 0x00000000c9f00000, 0x00000000c9f00000| Untracked 
|  22|0x00000000ca000000, 0x00000000ca100000, 0x00000000ca100000|100%| S|CS|TAMS 0x00000000ca000000, 0x00000000ca000000| Complete 
|  23|0x00000000ca100000, 0x00000000ca200000, 0x00000000ca200000|100%| S|CS|TAMS 0x00000000ca100000, 0x00000000ca100000| Complete 
|  24|0x00000000ca200000, 0x00000000ca300000, 0x00000000ca300000|100%| S|CS|TAMS 0x00000000ca200000, 0x00000000ca200000| Complete 
|  25|0x00000000ca300000, 0x00000000ca400000, 0x00000000ca400000|100%| S|CS|TAMS 0x00000000ca300000, 0x00000000ca300000| Complete 
|  26|0x00000000ca400000, 0x00000000ca400000, 0x00000000ca500000|  0%| F|  |TAMS 0x00000000ca400000, 0x00000000ca400000| Untracked 
|  27|0x00000000ca500000, 0x00000000ca500000, 0x00000000ca600000|  0%| F|  |TAMS 0x00000000ca500000, 0x00000000ca500000| Untracked 
|  28|0x00000000ca600000, 0x00000000ca600000, 0x00000000ca700000|  0%| F|  |TAMS 0x00000000ca600000, 0x00000000ca600000| Untracked 
|  29|0x00000000ca700000, 0x00000000ca700000, 0x00000000ca800000|  0%| F|  |TAMS 0x00000000ca700000, 0x00000000ca700000| Untracked 
|  30|0x00000000ca800000, 0x00000000ca800000, 0x00000000ca900000|  0%| F|  |TAMS 0x00000000ca800000, 0x00000000ca800000| Untracked 
|  31|0x00000000ca900000, 0x00000000ca900000, 0x00000000caa00000|  0%| F|  |TAMS 0x00000000ca900000, 0x00000000ca900000| Untracked 
|  32|0x00000000caa00000, 0x00000000caa00000, 0x00000000cab00000|  0%| F|  |TAMS 0x00000000caa00000, 0x00000000caa00000| Untracked 
|  33|0x00000000cab00000, 0x00000000cab00000, 0x00000000cac00000|  0%| F|  |TAMS 0x00000000cab00000, 0x00000000cab00000| Untracked 
|  34|0x00000000cac00000, 0x00000000cac00000, 0x00000000cad00000|  0%| F|  |TAMS 0x00000000cac00000, 0x00000000cac00000| Untracked 
|  35|0x00000000cad00000, 0x00000000cae00000, 0x00000000cae00000|100%| E|  |TAMS 0x00000000cad00000, 0x00000000cad00000| Complete 
|  36|0x00000000cae00000, 0x00000000caf00000, 0x00000000caf00000|100%| E|CS|TAMS 0x00000000cae00000, 0x00000000cae00000| Complete 
|  37|0x00000000caf00000, 0x00000000cb000000, 0x00000000cb000000|100%| E|CS|TAMS 0x00000000caf00000, 0x00000000caf00000| Complete 
|  38|0x00000000cb000000, 0x00000000cb100000, 0x00000000cb100000|100%| E|CS|TAMS 0x00000000cb000000, 0x00000000cb000000| Complete 
|  39|0x00000000cb100000, 0x00000000cb200000, 0x00000000cb200000|100%| E|CS|TAMS 0x00000000cb100000, 0x00000000cb100000| Complete 
|  40|0x00000000cb200000, 0x00000000cb300000, 0x00000000cb300000|100%| E|CS|TAMS 0x00000000cb200000, 0x00000000cb200000| Complete 
|  41|0x00000000cb300000, 0x00000000cb400000, 0x00000000cb400000|100%| E|CS|TAMS 0x00000000cb300000, 0x00000000cb300000| Complete 
|  42|0x00000000cb400000, 0x00000000cb500000, 0x00000000cb500000|100%| E|CS|TAMS 0x00000000cb400000, 0x00000000cb400000| Complete 
|  43|0x00000000cb500000, 0x00000000cb600000, 0x00000000cb600000|100%| E|CS|TAMS 0x00000000cb500000, 0x00000000cb500000| Complete 
|  44|0x00000000cb600000, 0x00000000cb700000, 0x00000000cb700000|100%| E|CS|TAMS 0x00000000cb600000, 0x00000000cb600000| Complete 
|  45|0x00000000cb700000, 0x00000000cb800000, 0x00000000cb800000|100%| E|CS|TAMS 0x00000000cb700000, 0x00000000cb700000| Complete 
|  46|0x00000000cb800000, 0x00000000cb900000, 0x00000000cb900000|100%| E|CS|TAMS 0x00000000cb800000, 0x00000000cb800000| Complete 
|  47|0x00000000cb900000, 0x00000000cba00000, 0x00000000cba00000|100%| E|CS|TAMS 0x00000000cb900000, 0x00000000cb900000| Complete 
|  48|0x00000000cba00000, 0x00000000cbb00000, 0x00000000cbb00000|100%| E|CS|TAMS 0x00000000cba00000, 0x00000000cba00000| Complete 
|  49|0x00000000cbb00000, 0x00000000cbc00000, 0x00000000cbc00000|100%| E|CS|TAMS 0x00000000cbb00000, 0x00000000cbb00000| Complete 
|  50|0x00000000cbc00000, 0x00000000cbd00000, 0x00000000cbd00000|100%| E|  |TAMS 0x00000000cbc00000, 0x00000000cbc00000| Complete 
|  51|0x00000000cbd00000, 0x00000000cbe00000, 0x00000000cbe00000|100%| E|CS|TAMS 0x00000000cbd00000, 0x00000000cbd00000| Complete 
|  52|0x00000000cbe00000, 0x00000000cbf00000, 0x00000000cbf00000|100%| E|CS|TAMS 0x00000000cbe00000, 0x00000000cbe00000| Complete 
|  53|0x00000000cbf00000, 0x00000000cc000000, 0x00000000cc000000|100%| E|CS|TAMS 0x00000000cbf00000, 0x00000000cbf00000| Complete 
|  54|0x00000000cc000000, 0x00000000cc100000, 0x00000000cc100000|100%| E|CS|TAMS 0x00000000cc000000, 0x00000000cc000000| Complete 
|  55|0x00000000cc100000, 0x00000000cc200000, 0x00000000cc200000|100%| E|CS|TAMS 0x00000000cc100000, 0x00000000cc100000| Complete 

Card table byte_map: [0x000002899ca60000,0x000002899cc20000] _byte_map_base: 0x000002899c41b000

Marking Bits (Prev, Next): (CMBitMap*) 0x0000028985f95830, (CMBitMap*) 0x0000028985f95870
 Prev Bits: [0x000002899cde0000, 0x000002899dbb8000)
 Next Bits: [0x000002899dbc0000, 0x000002899e998000)

Polling page: 0x0000028983e70000

Metaspace:

Usage:
  Non-class:     16.39 MB used.
      Class:      2.38 MB used.
       Both:     18.78 MB used.

Virtual space:
  Non-class space:       64.00 MB reserved,      16.50 MB ( 26%) committed,  1 nodes.
      Class space:        1.00 GB reserved,       2.56 MB ( <1%) committed,  1 nodes.
             Both:        1.06 GB reserved,      19.06 MB (  2%) committed. 

Chunk freelists:
   Non-Class:  14.83 MB
       Class:  13.50 MB
        Both:  28.32 MB

MaxMetaspaceSize: unlimited
CompressedClassSpaceSize: 1.00 GB
Initial GC threshold: 21.00 MB
Current GC threshold: 21.00 MB
CDS: on
MetaspaceReclaimPolicy: balanced
 - commit_granule_bytes: 65536.
 - commit_granule_words: 8192.
 - virtual_space_node_default_size: 8388608.
 - enlarge_chunks_in_place: 1.
 - new_chunks_are_fully_committed: 0.
 - uncommit_free_chunks: 1.
 - use_allocation_guard: 0.
 - handle_deallocations: 1.


Internal statistics:

num_allocs_failed_limit: 0.
num_arena_births: 192.
num_arena_deaths: 0.
num_vsnodes_births: 2.
num_vsnodes_deaths: 0.
num_space_committed: 305.
num_space_uncommitted: 0.
num_chunks_returned_to_freelist: 0.
num_chunks_taken_from_freelist: 820.
num_chunk_merges: 0.
num_chunk_splits: 577.
num_chunks_enlarged: 469.
num_inconsistent_stats: 0.

CodeHeap 'non-profiled nmethods': size=120000Kb used=1084Kb max_used=1084Kb free=118916Kb
 bounds [0x0000028995530000, 0x00000289957a0000, 0x000002899ca60000]
CodeHeap 'profiled nmethods': size=120000Kb used=5197Kb max_used=5197Kb free=114802Kb
 bounds [0x000002898da60000, 0x000002898df80000, 0x0000028994f90000]
CodeHeap 'non-nmethods': size=5760Kb used=1194Kb max_used=1234Kb free=4565Kb
 bounds [0x0000028994f90000, 0x0000028995200000, 0x0000028995530000]
 total_blobs=3015 nmethods=2524 adapters=404
 compilation: enabled
              stopped_count=0, restarted_count=0
 full_count=0

Compilation events (20 events):
Event: 19.543 Thread 0x00000289a0f235c0 2506       3       java.lang.invoke.VarHandleReferences$FieldInstanceReadWrite::compareAndSet (48 bytes)
Event: 19.545 Thread 0x00000289a0f235c0 nmethod 2506 0x000002898df54290 code [0x000002898df54500, 0x000002898df54f88]
Event: 19.548 Thread 0x00000289a0f235c0 2507       3       org.springframework.core.io.ClassPathResource::equals (53 bytes)
Event: 19.550 Thread 0x00000289a0f235c0 nmethod 2507 0x000002898df55390 code [0x000002898df55600, 0x000002898df56118]
Event: 19.553 Thread 0x00000289a0f235c0 2508       3       org.springframework.asm.ClassReader::accept (1401 bytes)
Event: 19.581 Thread 0x00000289a0f235c0 nmethod 2508 0x000002898df56410 code [0x000002898df570a0, 0x000002898df5f1a8]
Event: 19.581 Thread 0x00000289a0f235c0 2510       3       org.springframework.boot.context.properties.source.SystemEnvironmentPropertyMapper::convertLegacyNameElement (15 bytes)
Event: 19.582 Thread 0x00000289a0f235c0 nmethod 2510 0x000002898df62e90 code [0x000002898df63080, 0x000002898df63408]
Event: 19.582 Thread 0x00000289a0f235c0 2509       3       org.springframework.boot.type.classreading.ConcurrentReferenceCachingMetadataReaderFactory::getMetadataReader (38 bytes)
Event: 19.583 Thread 0x00000289a0f235c0 nmethod 2509 0x000002898df63590 code [0x000002898df63780, 0x000002898df63dd8]
Event: 19.591 Thread 0x00000289a0f235c0 2512       2       java.util.Locale::getDefault (4 bytes)
Event: 19.591 Thread 0x00000289a0f235c0 nmethod 2512 0x000002898df64010 code [0x000002898df641a0, 0x000002898df64298]
Event: 19.591 Thread 0x00000289a0f235c0 2513       3       org.springframework.core.env.PropertySource::hashCode (8 bytes)
Event: 19.592 Thread 0x00000289a0f235c0 nmethod 2513 0x000002898df64310 code [0x000002898df644c0, 0x000002898df64688]
Event: 19.592 Thread 0x00000289a0f235c0 2514       3       org.springframework.context.annotation.ConfigurationClassParser::collectImports (101 bytes)
Event: 19.594 Thread 0x00000289a0f235c0 nmethod 2514 0x000002898df64790 code [0x000002898df64a20, 0x000002898df65558]
Event: 19.595 Thread 0x00000289a0f235c0 2515   !   3       org.springframework.context.annotation.ConfigurationClassParser$SourceClass::getRelated (100 bytes)
Event: 19.598 Thread 0x00000289a0f235c0 nmethod 2515 0x000002898df65910 code [0x000002898df65c20, 0x000002898df66df8]
Event: 19.599 Thread 0x00000289a0f235c0 2516       3       org.springframework.boot.autoconfigure.condition.FilteringSpringBootCondition::match (119 bytes)
Event: 19.601 Thread 0x00000289a0f235c0 nmethod 2516 0x000002898df67510 code [0x000002898df67760, 0x000002898df68318]

GC Heap History (8 events):
Event: 4.553 GC heap before
{Heap before GC invocations=0 (full 0):
 garbage-first heap   total 57344K, used 13312K [0x00000000c8a00000, 0x0000000100000000)
  region size 1024K, 13 young (13312K), 0 survivors (0K)
 Metaspace       used 3355K, committed 3584K, reserved 1114112K
  class space    used 354K, committed 448K, reserved 1048576K
}
Event: 4.574 GC heap after
{Heap after GC invocations=1 (full 0):
 garbage-first heap   total 57344K, used 6230K [0x00000000c8a00000, 0x0000000100000000)
  region size 1024K, 2 young (2048K), 2 survivors (2048K)
 Metaspace       used 3355K, committed 3584K, reserved 1114112K
  class space    used 354K, committed 448K, reserved 1048576K
}
Event: 7.780 GC heap before
{Heap before GC invocations=1 (full 0):
 garbage-first heap   total 57344K, used 17494K [0x00000000c8a00000, 0x0000000100000000)
  region size 1024K, 13 young (13312K), 2 survivors (2048K)
 Metaspace       used 5875K, committed 6016K, reserved 1114112K
  class space    used 685K, committed 768K, reserved 1048576K
}
Event: 7.792 GC heap after
{Heap after GC invocations=2 (full 0):
 garbage-first heap   total 57344K, used 6873K [0x00000000c8a00000, 0x0000000100000000)
  region size 1024K, 1 young (1024K), 1 survivors (1024K)
 Metaspace       used 5875K, committed 6016K, reserved 1114112K
  class space    used 685K, committed 768K, reserved 1048576K
}
Event: 11.247 GC heap before
{Heap before GC invocations=2 (full 0):
 garbage-first heap   total 57344K, used 25305K [0x00000000c8a00000, 0x0000000100000000)
  region size 1024K, 19 young (19456K), 1 survivors (1024K)
 Metaspace       used 10019K, committed 10240K, reserved 1114112K
  class space    used 1267K, committed 1408K, reserved 1048576K
}
Event: 11.258 GC heap after
{Heap after GC invocations=3 (full 0):
 garbage-first heap   total 57344K, used 8023K [0x00000000c8a00000, 0x0000000100000000)
  region size 1024K, 2 young (2048K), 2 survivors (2048K)
 Metaspace       used 10019K, committed 10240K, reserved 1114112K
  class space    used 1267K, committed 1408K, reserved 1048576K
}
Event: 14.739 GC heap before
{Heap before GC invocations=3 (full 0):
 garbage-first heap   total 57344K, used 35671K [0x00000000c8a00000, 0x0000000100000000)
  region size 1024K, 30 young (30720K), 2 survivors (2048K)
 Metaspace       used 16119K, committed 16320K, reserved 1114112K
  class space    used 2054K, committed 2112K, reserved 1048576K
}
Event: 14.757 GC heap after
{Heap after GC invocations=4 (full 0):
 garbage-first heap   total 57344K, used 10423K [0x00000000c8a00000, 0x0000000100000000)
  region size 1024K, 4 young (4096K), 4 survivors (4096K)
 Metaspace       used 16119K, committed 16320K, reserved 1114112K
  class space    used 2054K, committed 2112K, reserved 1048576K
}

Dll operation events (8 events):
Event: 0.045 Loaded shared library C:\Users\USUARIO\.jdks\corretto-17.0.7\bin\java.dll
Event: 0.105 Loaded shared library C:\Users\USUARIO\.jdks\corretto-17.0.7\bin\jsvml.dll
Event: 1.075 Loaded shared library C:\Users\USUARIO\.jdks\corretto-17.0.7\bin\net.dll
Event: 1.086 Loaded shared library C:\Users\USUARIO\.jdks\corretto-17.0.7\bin\nio.dll
Event: 1.113 Loaded shared library C:\Users\USUARIO\.jdks\corretto-17.0.7\bin\zip.dll
Event: 2.287 Loaded shared library C:\Users\USUARIO\.jdks\corretto-17.0.7\bin\jimage.dll
Event: 5.090 Loaded shared library C:\Users\USUARIO\.jdks\corretto-17.0.7\bin\management.dll
Event: 5.124 Loaded shared library C:\Users\USUARIO\.jdks\corretto-17.0.7\bin\management_ext.dll

Deoptimization events (20 events):
Event: 16.571 Thread 0x00000289a5b55a70 DEOPT PACKING pc=0x000002898db898e6 sp=0x000000f0308fd990
Event: 16.571 Thread 0x00000289a5b55a70 DEOPT UNPACKING pc=0x0000028994fe7143 sp=0x000000f0308fce58 mode 0
Event: 16.573 Thread 0x00000289a5b55a70 DEOPT PACKING pc=0x000002898db91731 sp=0x000000f0308fd960
Event: 16.573 Thread 0x00000289a5b55a70 DEOPT UNPACKING pc=0x0000028994fe7143 sp=0x000000f0308fce50 mode 0
Event: 18.472 Thread 0x00000289a5b55a70 Uncommon trap: trap_request=0xffffffc6 fr.pc=0x000002899561abd0 relative=0x0000000000002130
Event: 18.472 Thread 0x00000289a5b55a70 Uncommon trap: reason=bimorphic_or_optimized_type_check action=maybe_recompile pc=0x000002899561abd0 method=java.util.HashMap.putVal(ILjava/lang/Object;Ljava/lang/Object;ZZ)Ljava/lang/Object; @ 203 c2
Event: 18.472 Thread 0x00000289a5b55a70 DEOPT PACKING pc=0x000002899561abd0 sp=0x000000f0308fd870
Event: 18.472 Thread 0x00000289a5b55a70 DEOPT UNPACKING pc=0x0000028994fe69a3 sp=0x000000f0308fd738 mode 2
Event: 18.541 Thread 0x00000289a5b55a70 Uncommon trap: trap_request=0xffffffc6 fr.pc=0x000002899561abd0 relative=0x0000000000002130
Event: 18.541 Thread 0x00000289a5b55a70 Uncommon trap: reason=bimorphic_or_optimized_type_check action=maybe_recompile pc=0x000002899561abd0 method=java.util.HashMap.putVal(ILjava/lang/Object;Ljava/lang/Object;ZZ)Ljava/lang/Object; @ 203 c2
Event: 18.541 Thread 0x00000289a5b55a70 DEOPT PACKING pc=0x000002899561abd0 sp=0x000000f0308fd870
Event: 18.541 Thread 0x00000289a5b55a70 DEOPT UNPACKING pc=0x0000028994fe69a3 sp=0x000000f0308fd738 mode 2
Event: 18.726 Thread 0x00000289a570fa40 Uncommon trap: trap_request=0xffffff45 fr.pc=0x00000289955cfd1c relative=0x000000000000151c
Event: 18.726 Thread 0x00000289a570fa40 Uncommon trap: reason=unstable_if action=reinterpret pc=0x00000289955cfd1c method=jdk.internal.org.objectweb.asm.Frame.execute(IILjdk/internal/org/objectweb/asm/Symbol;Ljdk/internal/org/objectweb/asm/SymbolTable;)V @ 1 c2
Event: 18.726 Thread 0x00000289a570fa40 DEOPT PACKING pc=0x00000289955cfd1c sp=0x000000f0309fc050
Event: 18.726 Thread 0x00000289a570fa40 DEOPT UNPACKING pc=0x0000028994fe69a3 sp=0x000000f0309fc008 mode 2
Event: 18.800 Thread 0x00000289a5b55a70 Uncommon trap: trap_request=0xffffffc6 fr.pc=0x00000289956205a4 relative=0x0000000000000f24
Event: 18.800 Thread 0x00000289a5b55a70 Uncommon trap: reason=bimorphic_or_optimized_type_check action=maybe_recompile pc=0x00000289956205a4 method=java.util.HashMap.putVal(ILjava/lang/Object;Ljava/lang/Object;ZZ)Ljava/lang/Object; @ 203 c2
Event: 18.800 Thread 0x00000289a5b55a70 DEOPT PACKING pc=0x00000289956205a4 sp=0x000000f0308fd840
Event: 18.800 Thread 0x00000289a5b55a70 DEOPT UNPACKING pc=0x0000028994fe69a3 sp=0x000000f0308fd7d0 mode 2

Classes unloaded (0 events):
No events

Classes redefined (0 events):
No events

Internal exceptions (20 events):
Event: 9.542 Thread 0x00000289a5b55a70 Exception <a 'java/lang/NoSuchMethodError'{0x00000000cba798b0}: 'void java.lang.invoke.DirectMethodHandle$Holder.invokeStatic(java.lang.Object, java.lang.Object)'> (0x00000000cba798b0) 
thrown [s\src\hotspot\share\interpreter\linkResolver.cpp, line 759]
Event: 9.546 Thread 0x00000289a5b55a70 Exception <a 'java/lang/NoSuchMethodError'{0x00000000cba7d0b0}: 'void java.lang.invoke.DirectMethodHandle$Holder.invokeStaticInit(java.lang.Object, java.lang.Object)'> (0x00000000cba7d0b0) 
thrown [s\src\hotspot\share\interpreter\linkResolver.cpp, line 759]
Event: 9.558 Thread 0x00000289a5b55a70 Exception <a 'java/lang/NoSuchMethodError'{0x00000000cba8da18}: 'void java.lang.invoke.DirectMethodHandle$Holder.invokeStaticInit(java.lang.Object, java.lang.Object, java.lang.Object)'> (0x00000000cba8da18) 
thrown [s\src\hotspot\share\interpreter\linkResolver.cpp, line 759]
Event: 9.587 Thread 0x00000289a5b55a70 Exception <a 'java/lang/NoSuchMethodError'{0x00000000cbacb6d8}: 'java.lang.Object java.lang.invoke.DirectMethodHandle$Holder.invokeStatic(java.lang.Object, java.lang.Object, long, java.lang.Object)'> (0x00000000cbacb6d8) 
thrown [s\src\hotspot\share\interpreter\linkResolver.cpp, line 759]
Event: 9.589 Thread 0x00000289a5b55a70 Exception <a 'java/lang/NoSuchMethodError'{0x00000000cbacf170}: 'java.lang.Object java.lang.invoke.DirectMethodHandle$Holder.invokeStaticInit(java.lang.Object, java.lang.Object, long, java.lang.Object)'> (0x00000000cbacf170) 
thrown [s\src\hotspot\share\interpreter\linkResolver.cpp, line 759]
Event: 9.593 Thread 0x00000289a5b55a70 Exception <a 'java/lang/NoSuchMethodError'{0x00000000cbad58b8}: 'java.lang.Object java.lang.invoke.DirectMethodHandle$Holder.newInvokeSpecial(java.lang.Object, java.lang.Object, long)'> (0x00000000cbad58b8) 
thrown [s\src\hotspot\share\interpreter\linkResolver.cpp, line 759]
Event: 9.595 Thread 0x00000289a5b55a70 Exception <a 'java/lang/NoSuchMethodError'{0x00000000cbad9428}: 'java.lang.Object java.lang.invoke.Invokers$Holder.linkToTargetMethod(java.lang.Object, long, java.lang.Object)'> (0x00000000cbad9428) 
thrown [s\src\hotspot\share\interpreter\linkResolver.cpp, line 759]
Event: 9.689 Thread 0x00000289a5b55a70 Exception <a 'java/lang/NoSuchMethodError'{0x00000000cb92f448}: 'void java.lang.invoke.DirectMethodHandle$Holder.invokeVirtual(java.lang.Object, java.lang.Object, java.lang.Object, java.lang.Object)'> (0x00000000cb92f448) 
thrown [s\src\hotspot\share\interpreter\linkResolver.cpp, line 759]
Event: 10.093 Thread 0x00000289a5b55a70 Exception <a 'java/lang/NoSuchMethodError'{0x00000000cb8c7300}: 'void java.lang.invoke.DirectMethodHandle$Holder.invokeSpecial(java.lang.Object, java.lang.Object, java.lang.Object)'> (0x00000000cb8c7300) 
thrown [s\src\hotspot\share\interpreter\linkResolver.cpp, line 759]
Event: 10.099 Thread 0x00000289a5b55a70 Exception <a 'java/lang/NoSuchMethodError'{0x00000000cb8cd8d8}: 'void java.lang.invoke.DirectMethodHandle$Holder.invokeSpecial(java.lang.Object, java.lang.Object, java.lang.Object, java.lang.Object, java.lang.Object)'> (0x00000000cb8cd8d8) 
thrown [s\src\hotspot\share\interpreter\linkResolver.cpp, line 759]
Event: 10.161 Thread 0x00000289a5b55a70 Exception <a 'java/lang/IncompatibleClassChangeError'{0x00000000cb8fb628}: Found class java.lang.Object, but interface was expected> (0x00000000cb8fb628) 
thrown [s\src\hotspot\share\interpreter\linkResolver.cpp, line 826]
Event: 12.941 Thread 0x00000289a5b55a70 Exception <a 'java/lang/NoSuchMethodError'{0x00000000cb6f3bc0}: 'int java.lang.invoke.DirectMethodHandle$Holder.invokeSpecial(java.lang.Object, java.lang.Object, java.lang.Object, java.lang.Object, java.lang.Object)'> (0x00000000cb6f3bc0) 
thrown [s\src\hotspot\share\interpreter\linkResolver.cpp, line 759]
Event: 12.960 Thread 0x00000289a5b55a70 Exception <a 'java/lang/NoSuchMethodError'{0x00000000cb6fcbc0}: 'void java.lang.invoke.DirectMethodHandle$Holder.invokeVirtual(java.lang.Object, java.lang.Object)'> (0x00000000cb6fcbc0) 
thrown [s\src\hotspot\share\interpreter\linkResolver.cpp, line 759]
Event: 16.328 Thread 0x00000289a5b55a70 Exception <a 'java/lang/IncompatibleClassChangeError'{0x00000000cbc77028}: Found class java.lang.Object, but interface was expected> (0x00000000cbc77028) 
thrown [s\src\hotspot\share\interpreter\linkResolver.cpp, line 826]
Event: 18.723 Thread 0x00000289a570fa40 Exception <a 'java/lang/NoSuchMethodError'{0x00000000cb2be4e8}: 'long java.lang.invoke.DirectMethodHandle$Holder.invokeSpecial(java.lang.Object, java.lang.Object)'> (0x00000000cb2be4e8) 
thrown [s\src\hotspot\share\interpreter\linkResolver.cpp, line 759]
Event: 18.764 Thread 0x00000289a570fa40 Exception <a 'java/lang/NoSuchMethodError'{0x00000000cb2c9710}: 'long java.lang.invoke.DirectMethodHandle$Holder.invokeStatic(java.lang.Object, java.lang.Object)'> (0x00000000cb2c9710) 
thrown [s\src\hotspot\share\interpreter\linkResolver.cpp, line 759]
Event: 18.767 Thread 0x00000289a570fa40 Exception <a 'java/lang/NoSuchMethodError'{0x00000000cb2ccd10}: 'long java.lang.invoke.DirectMethodHandle$Holder.invokeStaticInit(java.lang.Object, java.lang.Object)'> (0x00000000cb2ccd10) 
thrown [s\src\hotspot\share\interpreter\linkResolver.cpp, line 759]
Event: 18.777 Thread 0x00000289a570fa40 Exception <a 'java/lang/NoSuchMethodError'{0x00000000cb2da8b8}: 'long java.lang.invoke.DirectMethodHandle$Holder.invokeInterface(java.lang.Object, java.lang.Object)'> (0x00000000cb2da8b8) 
thrown [s\src\hotspot\share\interpreter\linkResolver.cpp, line 759]
Event: 18.778 Thread 0x00000289a570fa40 Exception <a 'java/lang/IncompatibleClassChangeError'{0x00000000cb2dde48}: Found class java.lang.Object, but interface was expected> (0x00000000cb2dde48) 
thrown [s\src\hotspot\share\interpreter\linkResolver.cpp, line 826]
Event: 19.040 Thread 0x00000289a570fa40 Exception <a 'java/lang/NoSuchMethodError'{0x00000000cb046cf8}: 'java.lang.Object java.lang.invoke.DirectMethodHandle$Holder.invokeVirtual(java.lang.Object, java.lang.Object, java.lang.Object, java.lang.Object)'> (0x00000000cb046cf8) 
thrown [s\src\hotspot\share\interpreter\linkResolver.cpp, line 759]

VM Operations (20 events):
Event: 12.262 Executing VM operation: Cleanup
Event: 12.263 Executing VM operation: Cleanup done
Event: 12.265 Executing VM operation: HandshakeAllThreads
Event: 12.265 Executing VM operation: HandshakeAllThreads done
Event: 12.738 Executing VM operation: HandshakeAllThreads
Event: 12.738 Executing VM operation: HandshakeAllThreads done
Event: 13.746 Executing VM operation: Cleanup
Event: 13.747 Executing VM operation: Cleanup done
Event: 14.198 Executing VM operation: HandshakeAllThreads
Event: 14.198 Executing VM operation: HandshakeAllThreads done
Event: 14.466 Executing VM operation: HandshakeAllThreads
Event: 14.466 Executing VM operation: HandshakeAllThreads done
Event: 14.732 Executing VM operation: G1CollectForAllocation
Event: 14.759 Executing VM operation: G1CollectForAllocation done
Event: 16.759 Executing VM operation: Cleanup
Event: 16.760 Executing VM operation: Cleanup done
Event: 17.770 Executing VM operation: Cleanup
Event: 17.771 Executing VM operation: Cleanup done
Event: 18.783 Executing VM operation: Cleanup
Event: 18.866 Executing VM operation: Cleanup done

Events (20 events):
Event: 14.090 loading class java/util/concurrent/atomic/AtomicReferenceArray done
Event: 14.195 loading class jdk/internal/module/ModulePatcher$PatchedModuleReader
Event: 14.196 loading class jdk/internal/module/ModulePatcher$PatchedModuleReader done
Event: 14.216 Thread 0x00000289a68d7440 Thread added: 0x00000289a68d7440
Event: 14.420 loading class sun/text/resources/cldr/FormatData_en
Event: 14.422 loading class sun/text/resources/cldr/FormatData_en done
Event: 14.422 loading class sun/text/resources/cldr/FormatData_en_US
Event: 14.422 loading class sun/text/resources/cldr/FormatData_en_US done
Event: 14.659 loading class java/io/CharArrayReader
Event: 14.660 loading class java/io/CharArrayReader done
Event: 15.251 loading class javax/naming/ldap/LdapContext
Event: 15.252 loading class javax/naming/directory/DirContext
Event: 15.253 loading class javax/naming/directory/DirContext done
Event: 15.253 loading class javax/naming/ldap/LdapContext done
Event: 16.023 Thread 0x00000289a68d7440 Thread exited: 0x00000289a68d7440
Event: 18.623 loading class java/util/regex/Pattern$Pos
Event: 18.623 loading class java/util/regex/Pattern$Pos done
Event: 19.049 Thread 0x00000289a570fa40 Thread exited: 0x00000289a570fa40
Event: 19.545 loading class java/nio/charset/CharacterCodingException
Event: 19.546 loading class java/nio/charset/CharacterCodingException done


Dynamic libraries:
0x00007ff661db0000 - 0x00007ff661dbd000 	C:\Users\USUARIO\.jdks\corretto-17.0.7\bin\java.exe
0x00007ffb7a210000 - 0x00007ffb7a408000 	C:\Windows\SYSTEM32\ntdll.dll
0x00007ffb74fe0000 - 0x00007ffb74ff9000 	C:\Program Files\AVG\Antivirus\aswhook.dll
0x00007ffb78d00000 - 0x00007ffb78dbf000 	C:\Windows\System32\KERNEL32.DLL
0x00007ffb77c50000 - 0x00007ffb77f46000 	C:\Windows\System32\KERNELBASE.dll
0x00007ffb779e0000 - 0x00007ffb77ae0000 	C:\Windows\System32\ucrtbase.dll
0x00007ffb75000000 - 0x00007ffb75015000 	C:\Users\USUARIO\.jdks\corretto-17.0.7\bin\VCRUNTIME140.dll
0x00007ffb75020000 - 0x00007ffb75037000 	C:\Users\USUARIO\.jdks\corretto-17.0.7\bin\jli.dll
0x00007ffb798e0000 - 0x00007ffb79a7d000 	C:\Windows\System32\USER32.dll
0x00007ffb78240000 - 0x00007ffb78262000 	C:\Windows\System32\win32u.dll
0x00007ffb78e80000 - 0x00007ffb78eac000 	C:\Windows\System32\GDI32.dll
0x00007ffb78120000 - 0x00007ffb78235000 	C:\Windows\System32\gdi32full.dll
0x00007ffb77940000 - 0x00007ffb779dd000 	C:\Windows\System32\msvcp_win.dll
0x00007ffb691e0000 - 0x00007ffb6947a000 	C:\Windows\WinSxS\amd64_microsoft.windows.common-controls_6595b64144ccf1df_6.0.19041.1110_none_60b5254171f9507e\COMCTL32.dll
0x00007ffb78dd0000 - 0x00007ffb78e6e000 	C:\Windows\System32\msvcrt.dll
0x00007ffb789c0000 - 0x00007ffb789f0000 	C:\Windows\System32\IMM32.DLL
0x00007ffb6b350000 - 0x00007ffb6b3eb000 	C:\Users\USUARIO\.jdks\corretto-17.0.7\bin\msvcp140.dll
0x00007ffb3fac0000 - 0x00007ffb406da000 	C:\Users\USUARIO\.jdks\corretto-17.0.7\bin\server\jvm.dll
0x00007ffb79210000 - 0x00007ffb792bf000 	C:\Windows\System32\ADVAPI32.dll
0x00007ffb79620000 - 0x00007ffb796bc000 	C:\Windows\System32\sechost.dll
0x00007ffb79080000 - 0x00007ffb791a6000 	C:\Windows\System32\RPCRT4.dll
0x00007ffb66850000 - 0x00007ffb66859000 	C:\Windows\SYSTEM32\WSOCK32.dll
0x00007ffb782d0000 - 0x00007ffb7833b000 	C:\Windows\System32\WS2_32.dll
0x00007ffb6ed30000 - 0x00007ffb6ed57000 	C:\Windows\SYSTEM32\WINMM.dll
0x00007ffb6ed60000 - 0x00007ffb6ed6a000 	C:\Windows\SYSTEM32\VERSION.dll
0x00007ffb75790000 - 0x00007ffb757a2000 	C:\Windows\SYSTEM32\kernel.appcore.dll
0x00007ffb6f290000 - 0x00007ffb6f29a000 	C:\Users\USUARIO\.jdks\corretto-17.0.7\bin\jimage.dll
0x00007ffb6cd70000 - 0x00007ffb6cf54000 	C:\Windows\SYSTEM32\DBGHELP.DLL
0x00007ffb6cd30000 - 0x00007ffb6cd64000 	C:\Windows\SYSTEM32\dbgcore.DLL
0x00007ffb77bc0000 - 0x00007ffb77c42000 	C:\Windows\System32\bcryptPrimitives.dll
0x00007ffb6bd20000 - 0x00007ffb6bd45000 	C:\Users\USUARIO\.jdks\corretto-17.0.7\bin\java.dll
0x00007ffb4b500000 - 0x00007ffb4b5d6000 	C:\Users\USUARIO\.jdks\corretto-17.0.7\bin\jsvml.dll
0x00007ffb79a80000 - 0x00007ffb7a1c4000 	C:\Windows\System32\SHELL32.dll
0x00007ffb75990000 - 0x00007ffb76123000 	C:\Windows\SYSTEM32\windows.storage.dll
0x00007ffb792c0000 - 0x00007ffb79614000 	C:\Windows\System32\combase.dll
0x00007ffb77260000 - 0x00007ffb7728e000 	C:\Windows\SYSTEM32\Wldp.dll
0x00007ffb78fd0000 - 0x00007ffb7907d000 	C:\Windows\System32\SHCORE.dll
0x00007ffb784f0000 - 0x00007ffb78545000 	C:\Windows\System32\shlwapi.dll
0x00007ffb77820000 - 0x00007ffb77845000 	C:\Windows\SYSTEM32\profapi.dll
0x00007ffb6b330000 - 0x00007ffb6b349000 	C:\Users\USUARIO\.jdks\corretto-17.0.7\bin\net.dll
0x00007ffb6d060000 - 0x00007ffb6d16a000 	C:\Windows\SYSTEM32\WINHTTP.dll
0x00007ffb76fc0000 - 0x00007ffb7702a000 	C:\Windows\system32\mswsock.dll
0x00007ffb6b310000 - 0x00007ffb6b325000 	C:\Users\USUARIO\.jdks\corretto-17.0.7\bin\nio.dll
0x00007ffb6b990000 - 0x00007ffb6b9a8000 	C:\Users\USUARIO\.jdks\corretto-17.0.7\bin\zip.dll
0x00007ffb71840000 - 0x00007ffb71849000 	C:\Users\USUARIO\.jdks\corretto-17.0.7\bin\management.dll
0x00007ffb71830000 - 0x00007ffb7183b000 	C:\Users\USUARIO\.jdks\corretto-17.0.7\bin\management_ext.dll
0x00007ffb78e70000 - 0x00007ffb78e78000 	C:\Windows\System32\PSAPI.DLL

dbghelp: loaded successfully - version: 4.0.5 - missing functions: none
symbol engine: initialized successfully - sym options: 0x614 - pdb path: .;C:\Users\USUARIO\.jdks\corretto-17.0.7\bin;C:\Windows\SYSTEM32;C:\Program Files\AVG\Antivirus;C:\Windows\WinSxS\amd64_microsoft.windows.common-controls_6595b64144ccf1df_6.0.19041.1110_none_60b5254171f9507e;C:\Users\USUARIO\.jdks\corretto-17.0.7\bin\server

VM Arguments:
jvm_args: -Dfile.encoding=windows-1252 -Duser.country=CO -Duser.language=es -Duser.variant 
java_command: com.mvc.spring.Application
java_class_path (initial): C:\Users\USUARIO\Desktop\spring\build\classes\java\main;C:\Users\USUARIO\Desktop\spring\build\resources\main;C:\Users\USUARIO\.gradle\caches\modules-2\files-2.1\org.springframework.boot\spring-boot-devtools\3.1.2\e01d700e98cf7393c80efc44357416ba90c56332\spring-boot-devtools-3.1.2.jar;C:\Users\USUARIO\.gradle\caches\modules-2\files-2.1\org.springframework.boot\spring-boot-starter-data-jpa\3.1.2\a37d54373b11d2de70dfb8bcd6612dc63787f4a8\spring-boot-starter-data-jpa-3.1.2.jar;C:\Users\USUARIO\.gradle\caches\modules-2\files-2.1\org.springframework.boot\spring-boot-starter-web\3.1.2\30b824817e764a5a5a1e9fb46e7ace40bcfa3185\spring-boot-starter-web-3.1.2.jar;C:\Users\USUARIO\.gradle\caches\modules-2\files-2.1\org.mapstruct\mapstruct\1.5.5.Final\2ca3cbe39b6e9ea8d5ea521965a89bef2a1e8eeb\mapstruct-1.5.5.Final.jar;C:\Users\USUARIO\.gradle\caches\modules-2\files-2.1\org.springdoc\springdoc-openapi-starter-webmvc-ui\2.2.0\178d8ed6714d78b8b475c45bc60642a9232fcb70\springdoc-openapi-starter-webmvc-ui-2.2.0.jar;C:\Users\USUARIO\.gradle\caches\modules-2\files-2.1\org.springframework.boot\spring-boot-starter-validation\3.1.2\1e2f4bdd1913af954d3a929e692807cb3a19b0b4\spring-boot-starter-validation-3.1.2.jar;C:\Users\USUARIO\.gradle\caches\modules-2\files-2.1\com.mysql\mysql-connector-j\8.0.33\9e64d997873abc4318620264703d3fdb6b02dd5a\mysql-connector-j-8.0.33.jar;C:\Users\USUARIO\.gradle\caches\modules-2\files-2.1\org.springframework.boot\spring-boot-starter-aop\3.1.2\e882bf8c8853807a8e69cce9465ec12233fb5437\spring-boot-starter-aop-3.1.2.jar;C:\Users\USUARIO\.gradle\caches\modules-2\files-2.1\org.springframework.boot\spring-boot-starter-jdbc\3.1.2\e864f6a34d620e7e698c115881ea23b08f7125e9\spring-boot-starter-jdbc-3.1.2.jar;C:\Users\USUARIO\.gradle\caches\modules-2\files-2.1\org.springframework.boot\spring-boot-starter-json\3.1.2\c48d521879dbbcebe1a99f47257612968e022f5b\spring-boot-starter-json-3.1.2.jar;C:\Users\USUARIO\.gradle\caches\modules-2\files-2.1\org.spr
Launcher Type: SUN_STANDARD

[Global flags]
     intx CICompilerCount                          = 3                                         {product} {ergonomic}
     uint ConcGCThreads                            = 1                                         {product} {ergonomic}
     uint G1ConcRefinementThreads                  = 4                                         {product} {ergonomic}
   size_t G1HeapRegionSize                         = 1048576                                   {product} {ergonomic}
    uintx GCDrainStackTargetSize                   = 64                                        {product} {ergonomic}
   size_t InitialHeapSize                          = 58720256                                  {product} {ergonomic}
   size_t MarkStackSize                            = 4194304                                   {product} {ergonomic}
   size_t MaxHeapSize                              = 929038336                                 {product} {ergonomic}
   size_t MaxNewSize                               = 556793856                                 {product} {ergonomic}
   size_t MinHeapDeltaBytes                        = 1048576                                   {product} {ergonomic}
   size_t MinHeapSize                              = 8388608                                   {product} {ergonomic}
    uintx NonNMethodCodeHeapSize                   = 5832780                                {pd product} {ergonomic}
    uintx NonProfiledCodeHeapSize                  = 122912730                              {pd product} {ergonomic}
    uintx ProfiledCodeHeapSize                     = 122912730                              {pd product} {ergonomic}
    uintx ReservedCodeCacheSize                    = 251658240                              {pd product} {ergonomic}
     bool SegmentedCodeCache                       = true                                      {product} {ergonomic}
   size_t SoftMaxHeapSize                          = 929038336                              {manageable} {ergonomic}
     bool UseCompressedClassPointers               = true                           {product lp64_product} {ergonomic}
     bool UseCompressedOops                        = true                           {product lp64_product} {ergonomic}
     bool UseG1GC                                  = true                                      {product} {ergonomic}
     bool UseLargePagesIndividualAllocation        = false                                  {pd product} {ergonomic}

Logging:
Log output configuration:
 #0: stdout all=warning uptime,level,tags
 #1: stderr all=off uptime,level,tags

Environment Variables:
PATH=C:\Program Files\Common Files\Oracle\Java\javapath;C:\Program Files (x86)\Common Files\Oracle\Java\javapath;C:\Windows\system32;C:\Windows;C:\Windows\System32\Wbem;C:\Windows\System32\WindowsPowerShell\v1.0\;C:\Windows\System32\OpenSSH\;C:\Program Files\Git\cmd;C:\Users\USUARIO\Downloads\apache-maven-3.9.2\bin;C:\Program Files\nodejs\;C:\Users\USUARIO\AppData\Local\Programs\Python\Python311\Scripts\;C:\Users\USUARIO\AppData\Local\Programs\Python\Python311\;C:\Program Files\MySQL\MySQL Shell 8.0\bin\;C:\Users\USUARIO\AppData\Local\Microsoft\WindowsApps;;C:\Users\USUARIO\AppData\Local\Programs\Microsoft VS Code\bin;C:\Program Files\JetBrains\IntelliJ IDEA Community Edition 2023.1.2\bin;;C:\Users\USUARIO\AppData\Roaming\npm
USERNAME=USUARIO
OS=Windows_NT
PROCESSOR_IDENTIFIER=AMD64 Family 22 Model 0 Stepping 1, AuthenticAMD
TMP=C:\Users\USUARIO\AppData\Local\Temp
TEMP=C:\Users\USUARIO\AppData\Local\Temp



---------------  S Y S T E M  ---------------

OS:
 Windows 10 , 64 bit Build 19041 (10.0.19041.3155)
OS uptime: 9 days 6:19 hours

CPU: total 4 (initial active 4) (4 cores per cpu, 1 threads per core) family 22 model 0 stepping 1 microcode 0x0, cx8, cmov, fxsr, mmx, 3dnowpref, sse, sse2, sse3, ssse3, sse4a, sse4.1, sse4.2, popcnt, lzcnt, tsc, tscinvbit, avx, aes, clmul, bmi1, vzeroupper, clflush

Memory: 4k page, system-wide physical 3537M (197M free)
TotalPageFile size 9681M (AvailPageFile size 13M)
current process WorkingSet (physical memory assigned to process): 126M, peak: 126M
current process commit charge ("private bytes"): 177M, peak: 178M

vm_info: OpenJDK 64-Bit Server VM (17.0.7+7-LTS) for windows-amd64 JRE (17.0.7+7-LTS), built on Apr 14 2023 01:39:21 by "Administrator" with MS VC++ 15.9 (VS2017)

END.
