#
# There is insufficient memory for the Java Runtime Environment to continue.
# Native memory allocation (malloc) failed to allocate 2361056 bytes for Chunk::new
# Possible reasons:
#   The system is out of physical RAM or swap space
#   The process is running with CompressedOops enabled, and the Java Heap may be blocking the growth of the native heap
# Possible solutions:
#   Reduce memory load on the system
#   Increase physical memory or swap space
#   Check if swap backing store is full
#   Decrease Java heap size (-Xmx/-Xms)
#   Decrease number of Java threads
#   Decrease Java thread stack sizes (-Xss)
#   Set larger code cache with -XX:ReservedCodeCacheSize=
#   JVM is running with Unscaled Compressed Oops mode in which the Java heap is
#     placed in the first 4GB address space. The Java Heap base address is the
#     maximum limit for the native heap growth. Please use -XX:HeapBaseMinAddress
#     to set the Java Heap base and to place the Java Heap above 4GB virtual address.
# This output file may be truncated or incomplete.
#
#  Out of Memory Error (arena.cpp:189), pid=4288, tid=11744
#
# JRE version: OpenJDK Runtime Environment Corretto-17.0.7.7.1 (17.0.7+7) (build 17.0.7+7-LTS)
# Java VM: OpenJDK 64-Bit Server VM Corretto-17.0.7.7.1 (17.0.7+7-LTS, mixed mode, sharing, tiered, compressed oops, compressed class ptrs, g1 gc, windows-amd64)
# No core dump will be written. Minidumps are not enabled by default on client versions of Windows
#

---------------  S U M M A R Y ------------

Command Line: --add-opens=java.base/java.util=ALL-UNNAMED --add-opens=java.base/java.lang=ALL-UNNAMED --add-opens=java.base/java.lang.invoke=ALL-UNNAMED --add-opens=java.prefs/java.util.prefs=ALL-UNNAMED --add-opens=java.base/java.nio.charset=ALL-UNNAMED --add-opens=java.base/java.net=ALL-UNNAMED --add-opens=java.base/java.util.concurrent.atomic=ALL-UNNAMED -XX:MaxMetaspaceSize=384m -XX:+HeapDumpOnOutOfMemoryError -Xms256m -Xmx512m -Dfile.encoding=windows-1252 -Duser.country=CO -Duser.language=es -Duser.variant -javaagent:C:\Users\USUARIO\.gradle\wrapper\dists\gradle-8.2.1-bin\5hap6b9n41hkg4jeh2au2pllh\gradle-8.2.1\lib\agents\gradle-instrumentation-agent-8.2.1.jar org.gradle.launcher.daemon.bootstrap.GradleDaemon 8.2.1

Host: AMD A6-5200 APU with Radeon(TM) HD Graphics    , 4 cores, 3G,  Windows 10 , 64 bit Build 19041 (10.0.19041.3155)
Time: Wed Aug 30 19:19:36 2023 Hora est. Pacífico, Sudamérica elapsed time: 80.708212 seconds (0d 0h 1m 20s)

---------------  T H R E A D  ---------------

Current thread (0x000001f34e59a730):  JavaThread "C2 CompilerThread0" daemon [_thread_in_native, id=11744, stack(0x0000005c8b200000,0x0000005c8b300000)]


Current CompileTask:
C2:  80708 4369       4       org.gradle.internal.service.DefaultServiceRegistry$OwnServices::getService (309 bytes)

Stack: [0x0000005c8b200000,0x0000005c8b300000]
Native frames: (J=compiled Java code, j=interpreted, Vv=VM code, C=native code)
V  [jvm.dll+0x64b53a]
V  [jvm.dll+0x7fef54]
V  [jvm.dll+0x80070e]
V  [jvm.dll+0x800d63]
V  [jvm.dll+0x236a2b]
V  [jvm.dll+0xbd47c]
V  [jvm.dll+0xbda5c]
V  [jvm.dll+0x350c37]
V  [jvm.dll+0x31b60f]
V  [jvm.dll+0x31aa4a]
V  [jvm.dll+0x20acf5]
V  [jvm.dll+0x20a287]
V  [jvm.dll+0x19a2ed]
V  [jvm.dll+0x21967d]
V  [jvm.dll+0x2178c4]
V  [jvm.dll+0x7b7dcb]
V  [jvm.dll+0x7b237a]
V  [jvm.dll+0x64a3a5]
C  [ucrtbase.dll+0x21bb2]
C  [KERNEL32.DLL+0x17614]
C  [ntdll.dll+0x526b1]


---------------  P R O C E S S  ---------------

Threads class SMR info:
_java_thread_list=0x000001f35477bc20, length=38, elements={
0x000001f3342abb40, 0x000001f34e580590, 0x000001f34e582290, 0x000001f34e595f40,
0x000001f34e598910, 0x000001f34e5991d0, 0x000001f34e599a90, 0x000001f34e59a730,
0x000001f34e5f01b0, 0x000001f34e60c330, 0x000001f33437e590, 0x000001f34e8a5a10,
0x000001f354d551d0, 0x000001f353ff76d0, 0x000001f354783990, 0x000001f3546b6b60,
0x000001f34e7ab2c0, 0x000001f35443bfd0, 0x000001f35428ce20, 0x000001f35398d550,
0x000001f35398b870, 0x000001f35398b3a0, 0x000001f35398a060, 0x000001f35398a530,
0x000001f35398aed0, 0x000001f35398bd40, 0x000001f35398c210, 0x000001f35398c6e0,
0x000001f35398da20, 0x000001f35398cbb0, 0x000001f35398d080, 0x000001f354f4a870,
0x000001f354f503e0, 0x000001f354f4d3c0, 0x000001f354f4ad40, 0x000001f354f49ed0,
0x000001f354f4a3a0, 0x000001f354f4b210
}

Java Threads: ( => current thread )
  0x000001f3342abb40 JavaThread "main" [_thread_blocked, id=12832, stack(0x0000005c8a500000,0x0000005c8a600000)]
  0x000001f34e580590 JavaThread "Reference Handler" daemon [_thread_blocked, id=6812, stack(0x0000005c8ac00000,0x0000005c8ad00000)]
  0x000001f34e582290 JavaThread "Finalizer" daemon [_thread_blocked, id=11736, stack(0x0000005c8ad00000,0x0000005c8ae00000)]
  0x000001f34e595f40 JavaThread "Signal Dispatcher" daemon [_thread_blocked, id=7952, stack(0x0000005c8ae00000,0x0000005c8af00000)]
  0x000001f34e598910 JavaThread "Attach Listener" daemon [_thread_blocked, id=10200, stack(0x0000005c8af00000,0x0000005c8b000000)]
  0x000001f34e5991d0 JavaThread "Service Thread" daemon [_thread_blocked, id=2444, stack(0x0000005c8b000000,0x0000005c8b100000)]
  0x000001f34e599a90 JavaThread "Monitor Deflation Thread" daemon [_thread_blocked, id=12804, stack(0x0000005c8b100000,0x0000005c8b200000)]
=>0x000001f34e59a730 JavaThread "C2 CompilerThread0" daemon [_thread_in_native, id=11744, stack(0x0000005c8b200000,0x0000005c8b300000)]
  0x000001f34e5f01b0 JavaThread "C1 CompilerThread0" daemon [_thread_blocked, id=13084, stack(0x0000005c8b300000,0x0000005c8b400000)]
  0x000001f34e60c330 JavaThread "Sweeper thread" daemon [_thread_blocked, id=13244, stack(0x0000005c8b400000,0x0000005c8b500000)]
  0x000001f33437e590 JavaThread "Common-Cleaner" daemon [_thread_blocked, id=12964, stack(0x0000005c8b500000,0x0000005c8b600000)]
  0x000001f34e8a5a10 JavaThread "Notification Thread" daemon [_thread_blocked, id=12648, stack(0x0000005c8b600000,0x0000005c8b700000)]
  0x000001f354d551d0 JavaThread "Daemon health stats" [_thread_blocked, id=2372, stack(0x0000005c8bb00000,0x0000005c8bc00000)]
  0x000001f353ff76d0 JavaThread "Incoming local TCP Connector on port 59472" [_thread_in_native, id=8704, stack(0x0000005c8bc00000,0x0000005c8bd00000)]
  0x000001f354783990 JavaThread "Daemon periodic checks" [_thread_in_Java, id=540, stack(0x0000005c8bd00000,0x0000005c8be00000)]
  0x000001f3546b6b60 JavaThread "Daemon" [_thread_blocked, id=2068, stack(0x0000005c8be00000,0x0000005c8bf00000)]
  0x000001f34e7ab2c0 JavaThread "Handler for socket connection from /127.0.0.1:59472 to /127.0.0.1:59473" [_thread_in_native, id=944, stack(0x0000005c8bf00000,0x0000005c8c000000)]
  0x000001f35443bfd0 JavaThread "Cancel handler" [_thread_blocked, id=9436, stack(0x0000005c8c000000,0x0000005c8c100000)]
  0x000001f35428ce20 JavaThread "Daemon worker" [_thread_in_Java, id=5176, stack(0x0000005c8c100000,0x0000005c8c200000)]
  0x000001f35398d550 JavaThread "Asynchronous log dispatcher for DefaultDaemonConnection: socket connection from /127.0.0.1:59472 to /127.0.0.1:59473" [_thread_blocked, id=13032, stack(0x0000005c8c200000,0x0000005c8c300000)]
  0x000001f35398b870 JavaThread "Stdin handler" [_thread_blocked, id=7572, stack(0x0000005c8c300000,0x0000005c8c400000)]
  0x000001f35398b3a0 JavaThread "Daemon client event forwarder" [_thread_blocked, id=7048, stack(0x0000005c8c400000,0x0000005c8c500000)]
  0x000001f35398a060 JavaThread "Cache worker for journal cache (C:\Users\USUARIO\.gradle\caches\journal-1)" [_thread_blocked, id=6856, stack(0x0000005c8c500000,0x0000005c8c600000)]
  0x000001f35398a530 JavaThread "File lock request listener" [_thread_in_native, id=13172, stack(0x0000005c8c600000,0x0000005c8c700000)]
  0x000001f35398aed0 JavaThread "Cache worker for file hash cache (C:\Users\USUARIO\.gradle\caches\8.2.1\fileHashes)" [_thread_blocked, id=2348, stack(0x0000005c8c700000,0x0000005c8c800000)]
  0x000001f35398bd40 JavaThread "File watcher server" daemon [_thread_in_native, id=8484, stack(0x0000005c8c800000,0x0000005c8c900000)]
  0x000001f35398c210 JavaThread "File watcher consumer" daemon [_thread_blocked, id=12868, stack(0x0000005c8c900000,0x0000005c8ca00000)]
  0x000001f35398c6e0 JavaThread "Cache worker for checksums cache (C:\Users\USUARIO\Desktop\spring\.gradle\8.2.1\checksums)" [_thread_blocked, id=12756, stack(0x0000005c8ca00000,0x0000005c8cb00000)]
  0x000001f35398da20 JavaThread "Cache worker for cache directory md-rule (C:\Users\USUARIO\.gradle\caches\8.2.1\md-rule)" [_thread_blocked, id=12920, stack(0x0000005c8cb00000,0x0000005c8cc00000)]
  0x000001f35398cbb0 JavaThread "Cache worker for file content cache (C:\Users\USUARIO\.gradle\caches\8.2.1\fileContent)" [_thread_blocked, id=10396, stack(0x0000005c8cc00000,0x0000005c8cd00000)]
  0x000001f35398d080 JavaThread "Cache worker for file hash cache (C:\Users\USUARIO\Desktop\spring\.gradle\8.2.1\fileHashes)" [_thread_blocked, id=8776, stack(0x0000005c8cd00000,0x0000005c8ce00000)]
  0x000001f354f4a870 JavaThread "Cache worker for cache directory md-supplier (C:\Users\USUARIO\.gradle\caches\8.2.1\md-supplier)" [_thread_blocked, id=1684, stack(0x0000005c8ce00000,0x0000005c8cf00000)]
  0x000001f354f503e0 JavaThread "Cache worker for execution history cache (C:\Users\USUARIO\.gradle\caches\8.2.1\executionHistory)" [_thread_blocked, id=11292, stack(0x0000005c8cf00000,0x0000005c8d000000)]
  0x000001f354f4d3c0 JavaThread "jar transforms" [_thread_blocked, id=3392, stack(0x0000005c8a400000,0x0000005c8a500000)]
  0x000001f354f4ad40 JavaThread "jar transforms Thread 2" [_thread_blocked, id=2880, stack(0x0000005c8d200000,0x0000005c8d300000)]
  0x000001f354f49ed0 JavaThread "jar transforms Thread 3" [_thread_blocked, id=12244, stack(0x0000005c8d300000,0x0000005c8d400000)]
  0x000001f354f4a3a0 JavaThread "jar transforms Thread 4" [_thread_blocked, id=9976, stack(0x0000005c8d400000,0x0000005c8d500000)]
  0x000001f354f4b210 JavaThread "Cache worker for dependencies-accessors (C:\Users\USUARIO\Desktop\spring\.gradle\8.2.1\dependencies-accessors)" [_thread_blocked, id=8952, stack(0x0000005c8d600000,0x0000005c8d700000)]

Other Threads:
  0x000001f34e57be10 VMThread "VM Thread" [stack: 0x0000005c8ab00000,0x0000005c8ac00000] [id=12912]
  0x000001f3342aca00 WatcherThread [stack: 0x0000005c8b700000,0x0000005c8b800000] [id=12324]
  0x000001f3342d88f0 GCTaskThread "GC Thread#0" [stack: 0x0000005c8a600000,0x0000005c8a700000] [id=10284]
  0x000001f34e903830 GCTaskThread "GC Thread#1" [stack: 0x0000005c8b800000,0x0000005c8b900000] [id=11020]
  0x000001f3530140b0 GCTaskThread "GC Thread#2" [stack: 0x0000005c8b900000,0x0000005c8ba00000] [id=2468]
  0x000001f353014360 GCTaskThread "GC Thread#3" [stack: 0x0000005c8ba00000,0x0000005c8bb00000] [id=10292]
  0x000001f3342dd740 ConcurrentGCThread "G1 Main Marker" [stack: 0x0000005c8a700000,0x0000005c8a800000] [id=1888]
  0x000001f3342df070 ConcurrentGCThread "G1 Conc#0" [stack: 0x0000005c8a800000,0x0000005c8a900000] [id=12968]
  0x000001f3343783a0 ConcurrentGCThread "G1 Refine#0" [stack: 0x0000005c8a900000,0x0000005c8aa00000] [id=3648]
  0x000001f334378cd0 ConcurrentGCThread "G1 Service" [stack: 0x0000005c8aa00000,0x0000005c8ab00000] [id=12480]

Threads with active compile tasks:
C2 CompilerThread0    80832 4369       4       org.gradle.internal.service.DefaultServiceRegistry$OwnServices::getService (309 bytes)

VM state: not at safepoint (normal execution)

VM Mutex/Monitor currently owned by a thread: None

Heap address: 0x00000000e0000000, size: 512 MB, Compressed Oops mode: 32-bit

CDS archive(s) mapped at: [0x0000000800000000-0x0000000800bc0000-0x0000000800bc0000), size 12320768, SharedBaseAddress: 0x0000000800000000, ArchiveRelocationMode: 0.
Compressed class space mapped at: 0x0000000801000000-0x0000000815000000, reserved size: 335544320
Narrow klass base: 0x0000000800000000, Narrow klass shift: 0, Narrow klass range: 0x100000000

GC Precious Log:
 CPUs: 4 total, 4 available
 Memory: 3537M
 Large Page Support: Disabled
 NUMA Support: Disabled
 Compressed Oops: Enabled (32-bit)
 Heap Region Size: 1M
 Heap Min Capacity: 256M
 Heap Initial Capacity: 256M
 Heap Max Capacity: 512M
 Pre-touch: Disabled
 Parallel Workers: 4
 Concurrent Workers: 1
 Concurrent Refinement Workers: 4
 Periodic GC: Disabled

Heap:
 garbage-first heap   total 262144K, used 47934K [0x00000000e0000000, 0x0000000100000000)
  region size 1024K, 16 young (16384K), 1 survivors (1024K)
 Metaspace       used 37768K, committed 38208K, reserved 393216K
  class space    used 5199K, committed 5440K, reserved 327680K

Heap Regions: E=young(eden), S=young(survivor), O=old, HS=humongous(starts), HC=humongous(continues), CS=collection set, F=free, OA=open archive, CA=closed archive, TAMS=top-at-mark-start (previous, next)
|   0|0x00000000e0000000, 0x00000000e0100000, 0x00000000e0100000|100%| O|  |TAMS 0x00000000e0100000, 0x00000000e0000000| Untracked 
|   1|0x00000000e0100000, 0x00000000e0200000, 0x00000000e0200000|100%| O|  |TAMS 0x00000000e0200000, 0x00000000e0100000| Untracked 
|   2|0x00000000e0200000, 0x00000000e0300000, 0x00000000e0300000|100%|HS|  |TAMS 0x00000000e0300000, 0x00000000e0200000| Complete 
|   3|0x00000000e0300000, 0x00000000e0400000, 0x00000000e0400000|100%|HC|  |TAMS 0x00000000e0400000, 0x00000000e0300000| Complete 
|   4|0x00000000e0400000, 0x00000000e0500000, 0x00000000e0500000|100%|HC|  |TAMS 0x00000000e0500000, 0x00000000e0400000| Complete 
|   5|0x00000000e0500000, 0x00000000e0600000, 0x00000000e0600000|100%|HC|  |TAMS 0x00000000e0600000, 0x00000000e0500000| Complete 
|   6|0x00000000e0600000, 0x00000000e0700000, 0x00000000e0700000|100%| O|  |TAMS 0x00000000e0700000, 0x00000000e0600000| Untracked 
|   7|0x00000000e0700000, 0x00000000e0800000, 0x00000000e0800000|100%| O|  |TAMS 0x00000000e0800000, 0x00000000e0700000| Untracked 
|   8|0x00000000e0800000, 0x00000000e0900000, 0x00000000e0900000|100%| O|  |TAMS 0x00000000e0900000, 0x00000000e0800000| Untracked 
|   9|0x00000000e0900000, 0x00000000e0a00000, 0x00000000e0a00000|100%| O|  |TAMS 0x00000000e0a00000, 0x00000000e0900000| Untracked 
|  10|0x00000000e0a00000, 0x00000000e0b00000, 0x00000000e0b00000|100%| O|  |TAMS 0x00000000e0b00000, 0x00000000e0a00000| Untracked 
|  11|0x00000000e0b00000, 0x00000000e0c00000, 0x00000000e0c00000|100%| O|  |TAMS 0x00000000e0b00000, 0x00000000e0b00000| Untracked 
|  12|0x00000000e0c00000, 0x00000000e0d00000, 0x00000000e0d00000|100%| O|  |TAMS 0x00000000e0c00000, 0x00000000e0c00000| Untracked 
|  13|0x00000000e0d00000, 0x00000000e0e00000, 0x00000000e0e00000|100%| O|  |TAMS 0x00000000e0d00000, 0x00000000e0d00000| Untracked 
|  14|0x00000000e0e00000, 0x00000000e0f00000, 0x00000000e0f00000|100%| O|  |TAMS 0x00000000e0e00000, 0x00000000e0e00000| Untracked 
|  15|0x00000000e0f00000, 0x00000000e1000000, 0x00000000e1000000|100%| O|  |TAMS 0x00000000e0f00000, 0x00000000e0f00000| Untracked 
|  16|0x00000000e1000000, 0x00000000e1100000, 0x00000000e1100000|100%| O|  |TAMS 0x00000000e1100000, 0x00000000e1000000| Untracked 
|  17|0x00000000e1100000, 0x00000000e1200000, 0x00000000e1200000|100%| O|  |TAMS 0x00000000e1200000, 0x00000000e1100000| Untracked 
|  18|0x00000000e1200000, 0x00000000e1300000, 0x00000000e1300000|100%| O|  |TAMS 0x00000000e1300000, 0x00000000e1200000| Untracked 
|  19|0x00000000e1300000, 0x00000000e1400000, 0x00000000e1400000|100%| O|  |TAMS 0x00000000e1400000, 0x00000000e1300000| Untracked 
|  20|0x00000000e1400000, 0x00000000e1500000, 0x00000000e1500000|100%| O|  |TAMS 0x00000000e1500000, 0x00000000e1400000| Untracked 
|  21|0x00000000e1500000, 0x00000000e1600000, 0x00000000e1600000|100%| O|  |TAMS 0x00000000e1600000, 0x00000000e1500000| Untracked 
|  22|0x00000000e1600000, 0x00000000e1700000, 0x00000000e1700000|100%| O|  |TAMS 0x00000000e1700000, 0x00000000e1600000| Untracked 
|  23|0x00000000e1700000, 0x00000000e1800000, 0x00000000e1800000|100%| O|  |TAMS 0x00000000e1800000, 0x00000000e1700000| Untracked 
|  24|0x00000000e1800000, 0x00000000e1900000, 0x00000000e1900000|100%| O|  |TAMS 0x00000000e1900000, 0x00000000e1800000| Untracked 
|  25|0x00000000e1900000, 0x00000000e1a00000, 0x00000000e1a00000|100%| O|  |TAMS 0x00000000e1a00000, 0x00000000e1900000| Untracked 
|  26|0x00000000e1a00000, 0x00000000e1b00000, 0x00000000e1b00000|100%| O|  |TAMS 0x00000000e1a58400, 0x00000000e1a00000| Untracked 
|  27|0x00000000e1b00000, 0x00000000e1c00000, 0x00000000e1c00000|100%| O|  |TAMS 0x00000000e1b00000, 0x00000000e1b00000| Untracked 
|  28|0x00000000e1c00000, 0x00000000e1d00000, 0x00000000e1d00000|100%| O|  |TAMS 0x00000000e1c00000, 0x00000000e1c00000| Untracked 
|  29|0x00000000e1d00000, 0x00000000e1e00000, 0x00000000e1e00000|100%| O|  |TAMS 0x00000000e1d00000, 0x00000000e1d00000| Untracked 
|  30|0x00000000e1e00000, 0x00000000e1ecf800, 0x00000000e1f00000| 81%| O|  |TAMS 0x00000000e1e00000, 0x00000000e1e00000| Untracked 
|  31|0x00000000e1f00000, 0x00000000e2000000, 0x00000000e2000000|100%|HS|  |TAMS 0x00000000e1f00000, 0x00000000e1f00000| Complete 
|  32|0x00000000e2000000, 0x00000000e2100000, 0x00000000e2100000|100%|HS|  |TAMS 0x00000000e2000000, 0x00000000e2000000| Complete 
|  33|0x00000000e2100000, 0x00000000e2100000, 0x00000000e2200000|  0%| F|  |TAMS 0x00000000e2100000, 0x00000000e2100000| Untracked 
|  34|0x00000000e2200000, 0x00000000e2200000, 0x00000000e2300000|  0%| F|  |TAMS 0x00000000e2200000, 0x00000000e2200000| Untracked 
|  35|0x00000000e2300000, 0x00000000e2300000, 0x00000000e2400000|  0%| F|  |TAMS 0x00000000e2300000, 0x00000000e2300000| Untracked 
|  36|0x00000000e2400000, 0x00000000e2400000, 0x00000000e2500000|  0%| F|  |TAMS 0x00000000e2400000, 0x00000000e2400000| Untracked 
|  37|0x00000000e2500000, 0x00000000e2500000, 0x00000000e2600000|  0%| F|  |TAMS 0x00000000e2500000, 0x00000000e2500000| Untracked 
|  38|0x00000000e2600000, 0x00000000e2600000, 0x00000000e2700000|  0%| F|  |TAMS 0x00000000e2600000, 0x00000000e2600000| Untracked 
|  39|0x00000000e2700000, 0x00000000e2700000, 0x00000000e2800000|  0%| F|  |TAMS 0x00000000e2700000, 0x00000000e2700000| Untracked 
|  40|0x00000000e2800000, 0x00000000e2800000, 0x00000000e2900000|  0%| F|  |TAMS 0x00000000e2800000, 0x00000000e2800000| Untracked 
|  41|0x00000000e2900000, 0x00000000e2900000, 0x00000000e2a00000|  0%| F|  |TAMS 0x00000000e2900000, 0x00000000e2900000| Untracked 
|  42|0x00000000e2a00000, 0x00000000e2a00000, 0x00000000e2b00000|  0%| F|  |TAMS 0x00000000e2a00000, 0x00000000e2a00000| Untracked 
|  43|0x00000000e2b00000, 0x00000000e2b00000, 0x00000000e2c00000|  0%| F|  |TAMS 0x00000000e2b00000, 0x00000000e2b00000| Untracked 
|  44|0x00000000e2c00000, 0x00000000e2c00000, 0x00000000e2d00000|  0%| F|  |TAMS 0x00000000e2c00000, 0x00000000e2c00000| Untracked 
|  45|0x00000000e2d00000, 0x00000000e2d00000, 0x00000000e2e00000|  0%| F|  |TAMS 0x00000000e2d00000, 0x00000000e2d00000| Untracked 
|  46|0x00000000e2e00000, 0x00000000e2e00000, 0x00000000e2f00000|  0%| F|  |TAMS 0x00000000e2e00000, 0x00000000e2e00000| Untracked 
|  47|0x00000000e2f00000, 0x00000000e2f00000, 0x00000000e3000000|  0%| F|  |TAMS 0x00000000e2f00000, 0x00000000e2f00000| Untracked 
|  48|0x00000000e3000000, 0x00000000e3000000, 0x00000000e3100000|  0%| F|  |TAMS 0x00000000e3000000, 0x00000000e3000000| Untracked 
|  49|0x00000000e3100000, 0x00000000e3100000, 0x00000000e3200000|  0%| F|  |TAMS 0x00000000e3100000, 0x00000000e3100000| Untracked 
|  50|0x00000000e3200000, 0x00000000e3200000, 0x00000000e3300000|  0%| F|  |TAMS 0x00000000e3200000, 0x00000000e3200000| Untracked 
|  51|0x00000000e3300000, 0x00000000e3300000, 0x00000000e3400000|  0%| F|  |TAMS 0x00000000e3300000, 0x00000000e3300000| Untracked 
|  52|0x00000000e3400000, 0x00000000e3400000, 0x00000000e3500000|  0%| F|  |TAMS 0x00000000e3400000, 0x00000000e3400000| Untracked 
|  53|0x00000000e3500000, 0x00000000e3500000, 0x00000000e3600000|  0%| F|  |TAMS 0x00000000e3500000, 0x00000000e3500000| Untracked 
|  54|0x00000000e3600000, 0x00000000e3600000, 0x00000000e3700000|  0%| F|  |TAMS 0x00000000e3600000, 0x00000000e3600000| Untracked 
|  55|0x00000000e3700000, 0x00000000e3700000, 0x00000000e3800000|  0%| F|  |TAMS 0x00000000e3700000, 0x00000000e3700000| Untracked 
|  56|0x00000000e3800000, 0x00000000e3800000, 0x00000000e3900000|  0%| F|  |TAMS 0x00000000e3800000, 0x00000000e3800000| Untracked 
|  57|0x00000000e3900000, 0x00000000e3900000, 0x00000000e3a00000|  0%| F|  |TAMS 0x00000000e3900000, 0x00000000e3900000| Untracked 
|  58|0x00000000e3a00000, 0x00000000e3a00000, 0x00000000e3b00000|  0%| F|  |TAMS 0x00000000e3a00000, 0x00000000e3a00000| Untracked 
|  59|0x00000000e3b00000, 0x00000000e3b00000, 0x00000000e3c00000|  0%| F|  |TAMS 0x00000000e3b00000, 0x00000000e3b00000| Untracked 
|  60|0x00000000e3c00000, 0x00000000e3c00000, 0x00000000e3d00000|  0%| F|  |TAMS 0x00000000e3c00000, 0x00000000e3c00000| Untracked 
|  61|0x00000000e3d00000, 0x00000000e3d00000, 0x00000000e3e00000|  0%| F|  |TAMS 0x00000000e3d00000, 0x00000000e3d00000| Untracked 
|  62|0x00000000e3e00000, 0x00000000e3e00000, 0x00000000e3f00000|  0%| F|  |TAMS 0x00000000e3e00000, 0x00000000e3e00000| Untracked 
|  63|0x00000000e3f00000, 0x00000000e3f00000, 0x00000000e4000000|  0%| F|  |TAMS 0x00000000e3f00000, 0x00000000e3f00000| Untracked 
|  64|0x00000000e4000000, 0x00000000e4000000, 0x00000000e4100000|  0%| F|  |TAMS 0x00000000e4000000, 0x00000000e4000000| Untracked 
|  65|0x00000000e4100000, 0x00000000e4100000, 0x00000000e4200000|  0%| F|  |TAMS 0x00000000e4100000, 0x00000000e4100000| Untracked 
|  66|0x00000000e4200000, 0x00000000e4200000, 0x00000000e4300000|  0%| F|  |TAMS 0x00000000e4200000, 0x00000000e4200000| Untracked 
|  67|0x00000000e4300000, 0x00000000e4300000, 0x00000000e4400000|  0%| F|  |TAMS 0x00000000e4300000, 0x00000000e4300000| Untracked 
|  68|0x00000000e4400000, 0x00000000e4400000, 0x00000000e4500000|  0%| F|  |TAMS 0x00000000e4400000, 0x00000000e4400000| Untracked 
|  69|0x00000000e4500000, 0x00000000e4500000, 0x00000000e4600000|  0%| F|  |TAMS 0x00000000e4500000, 0x00000000e4500000| Untracked 
|  70|0x00000000e4600000, 0x00000000e4600000, 0x00000000e4700000|  0%| F|  |TAMS 0x00000000e4600000, 0x00000000e4600000| Untracked 
|  71|0x00000000e4700000, 0x00000000e4700000, 0x00000000e4800000|  0%| F|  |TAMS 0x00000000e4700000, 0x00000000e4700000| Untracked 
|  72|0x00000000e4800000, 0x00000000e4800000, 0x00000000e4900000|  0%| F|  |TAMS 0x00000000e4800000, 0x00000000e4800000| Untracked 
|  73|0x00000000e4900000, 0x00000000e4900000, 0x00000000e4a00000|  0%| F|  |TAMS 0x00000000e4900000, 0x00000000e4900000| Untracked 
|  74|0x00000000e4a00000, 0x00000000e4a00000, 0x00000000e4b00000|  0%| F|  |TAMS 0x00000000e4a00000, 0x00000000e4a00000| Untracked 
|  75|0x00000000e4b00000, 0x00000000e4b00000, 0x00000000e4c00000|  0%| F|  |TAMS 0x00000000e4b00000, 0x00000000e4b00000| Untracked 
|  76|0x00000000e4c00000, 0x00000000e4c00000, 0x00000000e4d00000|  0%| F|  |TAMS 0x00000000e4c00000, 0x00000000e4c00000| Untracked 
|  77|0x00000000e4d00000, 0x00000000e4d00000, 0x00000000e4e00000|  0%| F|  |TAMS 0x00000000e4d00000, 0x00000000e4d00000| Untracked 
|  78|0x00000000e4e00000, 0x00000000e4e00000, 0x00000000e4f00000|  0%| F|  |TAMS 0x00000000e4e00000, 0x00000000e4e00000| Untracked 
|  79|0x00000000e4f00000, 0x00000000e4f00000, 0x00000000e5000000|  0%| F|  |TAMS 0x00000000e4f00000, 0x00000000e4f00000| Untracked 
|  80|0x00000000e5000000, 0x00000000e5000000, 0x00000000e5100000|  0%| F|  |TAMS 0x00000000e5000000, 0x00000000e5000000| Untracked 
|  81|0x00000000e5100000, 0x00000000e5100000, 0x00000000e5200000|  0%| F|  |TAMS 0x00000000e5100000, 0x00000000e5100000| Untracked 
|  82|0x00000000e5200000, 0x00000000e5200000, 0x00000000e5300000|  0%| F|  |TAMS 0x00000000e5200000, 0x00000000e5200000| Untracked 
|  83|0x00000000e5300000, 0x00000000e5300000, 0x00000000e5400000|  0%| F|  |TAMS 0x00000000e5300000, 0x00000000e5300000| Untracked 
|  84|0x00000000e5400000, 0x00000000e5400000, 0x00000000e5500000|  0%| F|  |TAMS 0x00000000e5400000, 0x00000000e5400000| Untracked 
|  85|0x00000000e5500000, 0x00000000e5500000, 0x00000000e5600000|  0%| F|  |TAMS 0x00000000e5500000, 0x00000000e5500000| Untracked 
|  86|0x00000000e5600000, 0x00000000e5600000, 0x00000000e5700000|  0%| F|  |TAMS 0x00000000e5600000, 0x00000000e5600000| Untracked 
|  87|0x00000000e5700000, 0x00000000e5700000, 0x00000000e5800000|  0%| F|  |TAMS 0x00000000e5700000, 0x00000000e5700000| Untracked 
|  88|0x00000000e5800000, 0x00000000e5800000, 0x00000000e5900000|  0%| F|  |TAMS 0x00000000e5800000, 0x00000000e5800000| Untracked 
|  89|0x00000000e5900000, 0x00000000e5900000, 0x00000000e5a00000|  0%| F|  |TAMS 0x00000000e5900000, 0x00000000e5900000| Untracked 
|  90|0x00000000e5a00000, 0x00000000e5a00000, 0x00000000e5b00000|  0%| F|  |TAMS 0x00000000e5a00000, 0x00000000e5a00000| Untracked 
|  91|0x00000000e5b00000, 0x00000000e5b00000, 0x00000000e5c00000|  0%| F|  |TAMS 0x00000000e5b00000, 0x00000000e5b00000| Untracked 
|  92|0x00000000e5c00000, 0x00000000e5c00000, 0x00000000e5d00000|  0%| F|  |TAMS 0x00000000e5c00000, 0x00000000e5c00000| Untracked 
|  93|0x00000000e5d00000, 0x00000000e5d00000, 0x00000000e5e00000|  0%| F|  |TAMS 0x00000000e5d00000, 0x00000000e5d00000| Untracked 
|  94|0x00000000e5e00000, 0x00000000e5e00000, 0x00000000e5f00000|  0%| F|  |TAMS 0x00000000e5e00000, 0x00000000e5e00000| Untracked 
|  95|0x00000000e5f00000, 0x00000000e5f00000, 0x00000000e6000000|  0%| F|  |TAMS 0x00000000e5f00000, 0x00000000e5f00000| Untracked 
|  96|0x00000000e6000000, 0x00000000e6000000, 0x00000000e6100000|  0%| F|  |TAMS 0x00000000e6000000, 0x00000000e6000000| Untracked 
|  97|0x00000000e6100000, 0x00000000e6100000, 0x00000000e6200000|  0%| F|  |TAMS 0x00000000e6100000, 0x00000000e6100000| Untracked 
|  98|0x00000000e6200000, 0x00000000e6200000, 0x00000000e6300000|  0%| F|  |TAMS 0x00000000e6200000, 0x00000000e6200000| Untracked 
|  99|0x00000000e6300000, 0x00000000e6300000, 0x00000000e6400000|  0%| F|  |TAMS 0x00000000e6300000, 0x00000000e6300000| Untracked 
| 100|0x00000000e6400000, 0x00000000e6400000, 0x00000000e6500000|  0%| F|  |TAMS 0x00000000e6400000, 0x00000000e6400000| Untracked 
| 101|0x00000000e6500000, 0x00000000e6500000, 0x00000000e6600000|  0%| F|  |TAMS 0x00000000e6500000, 0x00000000e6500000| Untracked 
| 102|0x00000000e6600000, 0x00000000e6600000, 0x00000000e6700000|  0%| F|  |TAMS 0x00000000e6600000, 0x00000000e6600000| Untracked 
| 103|0x00000000e6700000, 0x00000000e6700000, 0x00000000e6800000|  0%| F|  |TAMS 0x00000000e6700000, 0x00000000e6700000| Untracked 
| 104|0x00000000e6800000, 0x00000000e6800000, 0x00000000e6900000|  0%| F|  |TAMS 0x00000000e6800000, 0x00000000e6800000| Untracked 
| 105|0x00000000e6900000, 0x00000000e6900000, 0x00000000e6a00000|  0%| F|  |TAMS 0x00000000e6900000, 0x00000000e6900000| Untracked 
| 106|0x00000000e6a00000, 0x00000000e6a00000, 0x00000000e6b00000|  0%| F|  |TAMS 0x00000000e6a00000, 0x00000000e6a00000| Untracked 
| 107|0x00000000e6b00000, 0x00000000e6b00000, 0x00000000e6c00000|  0%| F|  |TAMS 0x00000000e6b00000, 0x00000000e6b00000| Untracked 
| 108|0x00000000e6c00000, 0x00000000e6c00000, 0x00000000e6d00000|  0%| F|  |TAMS 0x00000000e6c00000, 0x00000000e6c00000| Untracked 
| 109|0x00000000e6d00000, 0x00000000e6d00000, 0x00000000e6e00000|  0%| F|  |TAMS 0x00000000e6d00000, 0x00000000e6d00000| Untracked 
| 110|0x00000000e6e00000, 0x00000000e6e00000, 0x00000000e6f00000|  0%| F|  |TAMS 0x00000000e6e00000, 0x00000000e6e00000| Untracked 
| 111|0x00000000e6f00000, 0x00000000e6f00000, 0x00000000e7000000|  0%| F|  |TAMS 0x00000000e6f00000, 0x00000000e6f00000| Untracked 
| 112|0x00000000e7000000, 0x00000000e7000000, 0x00000000e7100000|  0%| F|  |TAMS 0x00000000e7000000, 0x00000000e7000000| Untracked 
| 113|0x00000000e7100000, 0x00000000e7100000, 0x00000000e7200000|  0%| F|  |TAMS 0x00000000e7100000, 0x00000000e7100000| Untracked 
| 114|0x00000000e7200000, 0x00000000e7200000, 0x00000000e7300000|  0%| F|  |TAMS 0x00000000e7200000, 0x00000000e7200000| Untracked 
| 115|0x00000000e7300000, 0x00000000e7300000, 0x00000000e7400000|  0%| F|  |TAMS 0x00000000e7300000, 0x00000000e7300000| Untracked 
| 116|0x00000000e7400000, 0x00000000e7400000, 0x00000000e7500000|  0%| F|  |TAMS 0x00000000e7400000, 0x00000000e7400000| Untracked 
| 117|0x00000000e7500000, 0x00000000e7500000, 0x00000000e7600000|  0%| F|  |TAMS 0x00000000e7500000, 0x00000000e7500000| Untracked 
| 118|0x00000000e7600000, 0x00000000e7600000, 0x00000000e7700000|  0%| F|  |TAMS 0x00000000e7600000, 0x00000000e7600000| Untracked 
| 119|0x00000000e7700000, 0x00000000e7700000, 0x00000000e7800000|  0%| F|  |TAMS 0x00000000e7700000, 0x00000000e7700000| Untracked 
| 120|0x00000000e7800000, 0x00000000e7800000, 0x00000000e7900000|  0%| F|  |TAMS 0x00000000e7800000, 0x00000000e7800000| Untracked 
| 121|0x00000000e7900000, 0x00000000e7900000, 0x00000000e7a00000|  0%| F|  |TAMS 0x00000000e7900000, 0x00000000e7900000| Untracked 
| 122|0x00000000e7a00000, 0x00000000e7a00000, 0x00000000e7b00000|  0%| F|  |TAMS 0x00000000e7a00000, 0x00000000e7a00000| Untracked 
| 123|0x00000000e7b00000, 0x00000000e7b00000, 0x00000000e7c00000|  0%| F|  |TAMS 0x00000000e7b00000, 0x00000000e7b00000| Untracked 
| 124|0x00000000e7c00000, 0x00000000e7c00000, 0x00000000e7d00000|  0%| F|  |TAMS 0x00000000e7c00000, 0x00000000e7c00000| Untracked 
| 125|0x00000000e7d00000, 0x00000000e7d00000, 0x00000000e7e00000|  0%| F|  |TAMS 0x00000000e7d00000, 0x00000000e7d00000| Untracked 
| 126|0x00000000e7e00000, 0x00000000e7e00000, 0x00000000e7f00000|  0%| F|  |TAMS 0x00000000e7e00000, 0x00000000e7e00000| Untracked 
| 127|0x00000000e7f00000, 0x00000000e7f00000, 0x00000000e8000000|  0%| F|  |TAMS 0x00000000e7f00000, 0x00000000e7f00000| Untracked 
| 128|0x00000000e8000000, 0x00000000e8000000, 0x00000000e8100000|  0%| F|  |TAMS 0x00000000e8000000, 0x00000000e8000000| Untracked 
| 129|0x00000000e8100000, 0x00000000e8100000, 0x00000000e8200000|  0%| F|  |TAMS 0x00000000e8100000, 0x00000000e8100000| Untracked 
| 130|0x00000000e8200000, 0x00000000e8200000, 0x00000000e8300000|  0%| F|  |TAMS 0x00000000e8200000, 0x00000000e8200000| Untracked 
| 131|0x00000000e8300000, 0x00000000e8300000, 0x00000000e8400000|  0%| F|  |TAMS 0x00000000e8300000, 0x00000000e8300000| Untracked 
| 132|0x00000000e8400000, 0x00000000e8400000, 0x00000000e8500000|  0%| F|  |TAMS 0x00000000e8400000, 0x00000000e8400000| Untracked 
| 133|0x00000000e8500000, 0x00000000e8500000, 0x00000000e8600000|  0%| F|  |TAMS 0x00000000e8500000, 0x00000000e8500000| Untracked 
| 134|0x00000000e8600000, 0x00000000e8600000, 0x00000000e8700000|  0%| F|  |TAMS 0x00000000e8600000, 0x00000000e8600000| Untracked 
| 135|0x00000000e8700000, 0x00000000e8700000, 0x00000000e8800000|  0%| F|  |TAMS 0x00000000e8700000, 0x00000000e8700000| Untracked 
| 136|0x00000000e8800000, 0x00000000e8800000, 0x00000000e8900000|  0%| F|  |TAMS 0x00000000e8800000, 0x00000000e8800000| Untracked 
| 137|0x00000000e8900000, 0x00000000e8900000, 0x00000000e8a00000|  0%| F|  |TAMS 0x00000000e8900000, 0x00000000e8900000| Untracked 
| 138|0x00000000e8a00000, 0x00000000e8a00000, 0x00000000e8b00000|  0%| F|  |TAMS 0x00000000e8a00000, 0x00000000e8a00000| Untracked 
| 139|0x00000000e8b00000, 0x00000000e8b00000, 0x00000000e8c00000|  0%| F|  |TAMS 0x00000000e8b00000, 0x00000000e8b00000| Untracked 
| 140|0x00000000e8c00000, 0x00000000e8c00000, 0x00000000e8d00000|  0%| F|  |TAMS 0x00000000e8c00000, 0x00000000e8c00000| Untracked 
| 141|0x00000000e8d00000, 0x00000000e8d00000, 0x00000000e8e00000|  0%| F|  |TAMS 0x00000000e8d00000, 0x00000000e8d00000| Untracked 
| 142|0x00000000e8e00000, 0x00000000e8e00000, 0x00000000e8f00000|  0%| F|  |TAMS 0x00000000e8e00000, 0x00000000e8e00000| Untracked 
| 143|0x00000000e8f00000, 0x00000000e8f00000, 0x00000000e9000000|  0%| F|  |TAMS 0x00000000e8f00000, 0x00000000e8f00000| Untracked 
| 144|0x00000000e9000000, 0x00000000e9000000, 0x00000000e9100000|  0%| F|  |TAMS 0x00000000e9000000, 0x00000000e9000000| Untracked 
| 145|0x00000000e9100000, 0x00000000e9100000, 0x00000000e9200000|  0%| F|  |TAMS 0x00000000e9100000, 0x00000000e9100000| Untracked 
| 146|0x00000000e9200000, 0x00000000e9200000, 0x00000000e9300000|  0%| F|  |TAMS 0x00000000e9200000, 0x00000000e9200000| Untracked 
| 147|0x00000000e9300000, 0x00000000e9300000, 0x00000000e9400000|  0%| F|  |TAMS 0x00000000e9300000, 0x00000000e9300000| Untracked 
| 148|0x00000000e9400000, 0x00000000e9400000, 0x00000000e9500000|  0%| F|  |TAMS 0x00000000e9400000, 0x00000000e9400000| Untracked 
| 149|0x00000000e9500000, 0x00000000e9500000, 0x00000000e9600000|  0%| F|  |TAMS 0x00000000e9500000, 0x00000000e9500000| Untracked 
| 150|0x00000000e9600000, 0x00000000e9600000, 0x00000000e9700000|  0%| F|  |TAMS 0x00000000e9600000, 0x00000000e9600000| Untracked 
| 151|0x00000000e9700000, 0x00000000e9700000, 0x00000000e9800000|  0%| F|  |TAMS 0x00000000e9700000, 0x00000000e9700000| Untracked 
| 152|0x00000000e9800000, 0x00000000e9800000, 0x00000000e9900000|  0%| F|  |TAMS 0x00000000e9800000, 0x00000000e9800000| Untracked 
| 153|0x00000000e9900000, 0x00000000e9900000, 0x00000000e9a00000|  0%| F|  |TAMS 0x00000000e9900000, 0x00000000e9900000| Untracked 
| 154|0x00000000e9a00000, 0x00000000e9a00000, 0x00000000e9b00000|  0%| F|  |TAMS 0x00000000e9a00000, 0x00000000e9a00000| Untracked 
| 155|0x00000000e9b00000, 0x00000000e9b00000, 0x00000000e9c00000|  0%| F|  |TAMS 0x00000000e9b00000, 0x00000000e9b00000| Untracked 
| 156|0x00000000e9c00000, 0x00000000e9c00000, 0x00000000e9d00000|  0%| F|  |TAMS 0x00000000e9c00000, 0x00000000e9c00000| Untracked 
| 157|0x00000000e9d00000, 0x00000000e9d00000, 0x00000000e9e00000|  0%| F|  |TAMS 0x00000000e9d00000, 0x00000000e9d00000| Untracked 
| 158|0x00000000e9e00000, 0x00000000e9e00000, 0x00000000e9f00000|  0%| F|  |TAMS 0x00000000e9e00000, 0x00000000e9e00000| Untracked 
| 159|0x00000000e9f00000, 0x00000000e9f00000, 0x00000000ea000000|  0%| F|  |TAMS 0x00000000e9f00000, 0x00000000e9f00000| Untracked 
| 160|0x00000000ea000000, 0x00000000ea000000, 0x00000000ea100000|  0%| F|  |TAMS 0x00000000ea000000, 0x00000000ea000000| Untracked 
| 161|0x00000000ea100000, 0x00000000ea100000, 0x00000000ea200000|  0%| F|  |TAMS 0x00000000ea100000, 0x00000000ea100000| Untracked 
| 162|0x00000000ea200000, 0x00000000ea200000, 0x00000000ea300000|  0%| F|  |TAMS 0x00000000ea200000, 0x00000000ea200000| Untracked 
| 163|0x00000000ea300000, 0x00000000ea300000, 0x00000000ea400000|  0%| F|  |TAMS 0x00000000ea300000, 0x00000000ea300000| Untracked 
| 164|0x00000000ea400000, 0x00000000ea400000, 0x00000000ea500000|  0%| F|  |TAMS 0x00000000ea400000, 0x00000000ea400000| Untracked 
| 165|0x00000000ea500000, 0x00000000ea500000, 0x00000000ea600000|  0%| F|  |TAMS 0x00000000ea500000, 0x00000000ea500000| Untracked 
| 166|0x00000000ea600000, 0x00000000ea600000, 0x00000000ea700000|  0%| F|  |TAMS 0x00000000ea600000, 0x00000000ea600000| Untracked 
| 167|0x00000000ea700000, 0x00000000ea700000, 0x00000000ea800000|  0%| F|  |TAMS 0x00000000ea700000, 0x00000000ea700000| Untracked 
| 168|0x00000000ea800000, 0x00000000ea800000, 0x00000000ea900000|  0%| F|  |TAMS 0x00000000ea800000, 0x00000000ea800000| Untracked 
| 169|0x00000000ea900000, 0x00000000ea900000, 0x00000000eaa00000|  0%| F|  |TAMS 0x00000000ea900000, 0x00000000ea900000| Untracked 
| 170|0x00000000eaa00000, 0x00000000eaa00000, 0x00000000eab00000|  0%| F|  |TAMS 0x00000000eaa00000, 0x00000000eaa00000| Untracked 
| 171|0x00000000eab00000, 0x00000000eab00000, 0x00000000eac00000|  0%| F|  |TAMS 0x00000000eab00000, 0x00000000eab00000| Untracked 
| 172|0x00000000eac00000, 0x00000000eac00000, 0x00000000ead00000|  0%| F|  |TAMS 0x00000000eac00000, 0x00000000eac00000| Untracked 
| 173|0x00000000ead00000, 0x00000000ead00000, 0x00000000eae00000|  0%| F|  |TAMS 0x00000000ead00000, 0x00000000ead00000| Untracked 
| 174|0x00000000eae00000, 0x00000000eae00000, 0x00000000eaf00000|  0%| F|  |TAMS 0x00000000eae00000, 0x00000000eae00000| Untracked 
| 175|0x00000000eaf00000, 0x00000000eaf00000, 0x00000000eb000000|  0%| F|  |TAMS 0x00000000eaf00000, 0x00000000eaf00000| Untracked 
| 176|0x00000000eb000000, 0x00000000eb000000, 0x00000000eb100000|  0%| F|  |TAMS 0x00000000eb000000, 0x00000000eb000000| Untracked 
| 177|0x00000000eb100000, 0x00000000eb100000, 0x00000000eb200000|  0%| F|  |TAMS 0x00000000eb100000, 0x00000000eb100000| Untracked 
| 178|0x00000000eb200000, 0x00000000eb200000, 0x00000000eb300000|  0%| F|  |TAMS 0x00000000eb200000, 0x00000000eb200000| Untracked 
| 179|0x00000000eb300000, 0x00000000eb300000, 0x00000000eb400000|  0%| F|  |TAMS 0x00000000eb300000, 0x00000000eb300000| Untracked 
| 180|0x00000000eb400000, 0x00000000eb400000, 0x00000000eb500000|  0%| F|  |TAMS 0x00000000eb400000, 0x00000000eb400000| Untracked 
| 181|0x00000000eb500000, 0x00000000eb500000, 0x00000000eb600000|  0%| F|  |TAMS 0x00000000eb500000, 0x00000000eb500000| Untracked 
| 182|0x00000000eb600000, 0x00000000eb600000, 0x00000000eb700000|  0%| F|  |TAMS 0x00000000eb600000, 0x00000000eb600000| Untracked 
| 183|0x00000000eb700000, 0x00000000eb700000, 0x00000000eb800000|  0%| F|  |TAMS 0x00000000eb700000, 0x00000000eb700000| Untracked 
| 184|0x00000000eb800000, 0x00000000eb800000, 0x00000000eb900000|  0%| F|  |TAMS 0x00000000eb800000, 0x00000000eb800000| Untracked 
| 185|0x00000000eb900000, 0x00000000eb900000, 0x00000000eba00000|  0%| F|  |TAMS 0x00000000eb900000, 0x00000000eb900000| Untracked 
| 186|0x00000000eba00000, 0x00000000eba00000, 0x00000000ebb00000|  0%| F|  |TAMS 0x00000000eba00000, 0x00000000eba00000| Untracked 
| 187|0x00000000ebb00000, 0x00000000ebb00000, 0x00000000ebc00000|  0%| F|  |TAMS 0x00000000ebb00000, 0x00000000ebb00000| Untracked 
| 188|0x00000000ebc00000, 0x00000000ebc00000, 0x00000000ebd00000|  0%| F|  |TAMS 0x00000000ebc00000, 0x00000000ebc00000| Untracked 
| 189|0x00000000ebd00000, 0x00000000ebd00000, 0x00000000ebe00000|  0%| F|  |TAMS 0x00000000ebd00000, 0x00000000ebd00000| Untracked 
| 190|0x00000000ebe00000, 0x00000000ebe00000, 0x00000000ebf00000|  0%| F|  |TAMS 0x00000000ebe00000, 0x00000000ebe00000| Untracked 
| 191|0x00000000ebf00000, 0x00000000ebf00000, 0x00000000ec000000|  0%| F|  |TAMS 0x00000000ebf00000, 0x00000000ebf00000| Untracked 
| 192|0x00000000ec000000, 0x00000000ec000000, 0x00000000ec100000|  0%| F|  |TAMS 0x00000000ec000000, 0x00000000ec000000| Untracked 
| 193|0x00000000ec100000, 0x00000000ec100000, 0x00000000ec200000|  0%| F|  |TAMS 0x00000000ec100000, 0x00000000ec100000| Untracked 
| 194|0x00000000ec200000, 0x00000000ec200000, 0x00000000ec300000|  0%| F|  |TAMS 0x00000000ec200000, 0x00000000ec200000| Untracked 
| 195|0x00000000ec300000, 0x00000000ec300000, 0x00000000ec400000|  0%| F|  |TAMS 0x00000000ec300000, 0x00000000ec300000| Untracked 
| 196|0x00000000ec400000, 0x00000000ec400000, 0x00000000ec500000|  0%| F|  |TAMS 0x00000000ec400000, 0x00000000ec400000| Untracked 
| 197|0x00000000ec500000, 0x00000000ec500000, 0x00000000ec600000|  0%| F|  |TAMS 0x00000000ec500000, 0x00000000ec500000| Untracked 
| 198|0x00000000ec600000, 0x00000000ec600000, 0x00000000ec700000|  0%| F|  |TAMS 0x00000000ec600000, 0x00000000ec600000| Untracked 
| 199|0x00000000ec700000, 0x00000000ec700000, 0x00000000ec800000|  0%| F|  |TAMS 0x00000000ec700000, 0x00000000ec700000| Untracked 
| 200|0x00000000ec800000, 0x00000000ec800000, 0x00000000ec900000|  0%| F|  |TAMS 0x00000000ec800000, 0x00000000ec800000| Untracked 
| 201|0x00000000ec900000, 0x00000000ec900000, 0x00000000eca00000|  0%| F|  |TAMS 0x00000000ec900000, 0x00000000ec900000| Untracked 
| 202|0x00000000eca00000, 0x00000000eca00000, 0x00000000ecb00000|  0%| F|  |TAMS 0x00000000eca00000, 0x00000000eca00000| Untracked 
| 203|0x00000000ecb00000, 0x00000000ecb00000, 0x00000000ecc00000|  0%| F|  |TAMS 0x00000000ecb00000, 0x00000000ecb00000| Untracked 
| 204|0x00000000ecc00000, 0x00000000ecc00000, 0x00000000ecd00000|  0%| F|  |TAMS 0x00000000ecc00000, 0x00000000ecc00000| Untracked 
| 205|0x00000000ecd00000, 0x00000000ecd00000, 0x00000000ece00000|  0%| F|  |TAMS 0x00000000ecd00000, 0x00000000ecd00000| Untracked 
| 206|0x00000000ece00000, 0x00000000ece00000, 0x00000000ecf00000|  0%| F|  |TAMS 0x00000000ece00000, 0x00000000ece00000| Untracked 
| 207|0x00000000ecf00000, 0x00000000ecf00000, 0x00000000ed000000|  0%| F|  |TAMS 0x00000000ecf00000, 0x00000000ecf00000| Untracked 
| 208|0x00000000ed000000, 0x00000000ed000000, 0x00000000ed100000|  0%| F|  |TAMS 0x00000000ed000000, 0x00000000ed000000| Untracked 
| 209|0x00000000ed100000, 0x00000000ed100000, 0x00000000ed200000|  0%| F|  |TAMS 0x00000000ed100000, 0x00000000ed100000| Untracked 
| 210|0x00000000ed200000, 0x00000000ed200000, 0x00000000ed300000|  0%| F|  |TAMS 0x00000000ed200000, 0x00000000ed200000| Untracked 
| 211|0x00000000ed300000, 0x00000000ed300000, 0x00000000ed400000|  0%| F|  |TAMS 0x00000000ed300000, 0x00000000ed300000| Untracked 
| 212|0x00000000ed400000, 0x00000000ed400000, 0x00000000ed500000|  0%| F|  |TAMS 0x00000000ed400000, 0x00000000ed400000| Untracked 
| 213|0x00000000ed500000, 0x00000000ed500000, 0x00000000ed600000|  0%| F|  |TAMS 0x00000000ed500000, 0x00000000ed500000| Untracked 
| 214|0x00000000ed600000, 0x00000000ed600000, 0x00000000ed700000|  0%| F|  |TAMS 0x00000000ed600000, 0x00000000ed600000| Untracked 
| 215|0x00000000ed700000, 0x00000000ed700000, 0x00000000ed800000|  0%| F|  |TAMS 0x00000000ed700000, 0x00000000ed700000| Untracked 
| 216|0x00000000ed800000, 0x00000000ed800000, 0x00000000ed900000|  0%| F|  |TAMS 0x00000000ed800000, 0x00000000ed800000| Untracked 
| 217|0x00000000ed900000, 0x00000000ed900000, 0x00000000eda00000|  0%| F|  |TAMS 0x00000000ed900000, 0x00000000ed900000| Untracked 
| 218|0x00000000eda00000, 0x00000000eda00000, 0x00000000edb00000|  0%| F|  |TAMS 0x00000000eda00000, 0x00000000eda00000| Untracked 
| 219|0x00000000edb00000, 0x00000000edb00000, 0x00000000edc00000|  0%| F|  |TAMS 0x00000000edb00000, 0x00000000edb00000| Untracked 
| 220|0x00000000edc00000, 0x00000000edc00000, 0x00000000edd00000|  0%| F|  |TAMS 0x00000000edc00000, 0x00000000edc00000| Untracked 
| 221|0x00000000edd00000, 0x00000000edd00000, 0x00000000ede00000|  0%| F|  |TAMS 0x00000000edd00000, 0x00000000edd00000| Untracked 
| 222|0x00000000ede00000, 0x00000000ede00000, 0x00000000edf00000|  0%| F|  |TAMS 0x00000000ede00000, 0x00000000ede00000| Untracked 
| 223|0x00000000edf00000, 0x00000000edf00000, 0x00000000ee000000|  0%| F|  |TAMS 0x00000000edf00000, 0x00000000edf00000| Untracked 
| 224|0x00000000ee000000, 0x00000000ee000000, 0x00000000ee100000|  0%| F|  |TAMS 0x00000000ee000000, 0x00000000ee000000| Untracked 
| 225|0x00000000ee100000, 0x00000000ee100000, 0x00000000ee200000|  0%| F|  |TAMS 0x00000000ee100000, 0x00000000ee100000| Untracked 
| 226|0x00000000ee200000, 0x00000000ee200000, 0x00000000ee300000|  0%| F|  |TAMS 0x00000000ee200000, 0x00000000ee200000| Untracked 
| 227|0x00000000ee300000, 0x00000000ee300000, 0x00000000ee400000|  0%| F|  |TAMS 0x00000000ee300000, 0x00000000ee300000| Untracked 
| 228|0x00000000ee400000, 0x00000000ee400000, 0x00000000ee500000|  0%| F|  |TAMS 0x00000000ee400000, 0x00000000ee400000| Untracked 
| 229|0x00000000ee500000, 0x00000000ee500000, 0x00000000ee600000|  0%| F|  |TAMS 0x00000000ee500000, 0x00000000ee500000| Untracked 
| 230|0x00000000ee600000, 0x00000000ee600000, 0x00000000ee700000|  0%| F|  |TAMS 0x00000000ee600000, 0x00000000ee600000| Untracked 
| 231|0x00000000ee700000, 0x00000000ee700000, 0x00000000ee800000|  0%| F|  |TAMS 0x00000000ee700000, 0x00000000ee700000| Untracked 
| 232|0x00000000ee800000, 0x00000000ee800000, 0x00000000ee900000|  0%| F|  |TAMS 0x00000000ee800000, 0x00000000ee800000| Untracked 
| 233|0x00000000ee900000, 0x00000000ee900000, 0x00000000eea00000|  0%| F|  |TAMS 0x00000000ee900000, 0x00000000ee900000| Untracked 
| 234|0x00000000eea00000, 0x00000000eea00000, 0x00000000eeb00000|  0%| F|  |TAMS 0x00000000eea00000, 0x00000000eea00000| Untracked 
| 235|0x00000000eeb00000, 0x00000000eeb00000, 0x00000000eec00000|  0%| F|  |TAMS 0x00000000eeb00000, 0x00000000eeb00000| Untracked 
| 236|0x00000000eec00000, 0x00000000eec00000, 0x00000000eed00000|  0%| F|  |TAMS 0x00000000eec00000, 0x00000000eec00000| Untracked 
| 237|0x00000000eed00000, 0x00000000eed00000, 0x00000000eee00000|  0%| F|  |TAMS 0x00000000eed00000, 0x00000000eed00000| Untracked 
| 238|0x00000000eee00000, 0x00000000eee00000, 0x00000000eef00000|  0%| F|  |TAMS 0x00000000eee00000, 0x00000000eee00000| Untracked 
| 239|0x00000000eef00000, 0x00000000eef00000, 0x00000000ef000000|  0%| F|  |TAMS 0x00000000eef00000, 0x00000000eef00000| Untracked 
| 240|0x00000000ef000000, 0x00000000ef09db78, 0x00000000ef100000| 61%| E|  |TAMS 0x00000000ef000000, 0x00000000ef000000| Complete 
| 241|0x00000000ef100000, 0x00000000ef200000, 0x00000000ef200000|100%| E|CS|TAMS 0x00000000ef100000, 0x00000000ef100000| Complete 
| 242|0x00000000ef200000, 0x00000000ef300000, 0x00000000ef300000|100%| E|CS|TAMS 0x00000000ef200000, 0x00000000ef200000| Complete 
| 243|0x00000000ef300000, 0x00000000ef400000, 0x00000000ef400000|100%| E|CS|TAMS 0x00000000ef300000, 0x00000000ef300000| Complete 
| 244|0x00000000ef400000, 0x00000000ef500000, 0x00000000ef500000|100%| E|CS|TAMS 0x00000000ef400000, 0x00000000ef400000| Complete 
| 245|0x00000000ef500000, 0x00000000ef600000, 0x00000000ef600000|100%| E|  |TAMS 0x00000000ef500000, 0x00000000ef500000| Complete 
| 246|0x00000000ef600000, 0x00000000ef700000, 0x00000000ef700000|100%| E|CS|TAMS 0x00000000ef600000, 0x00000000ef600000| Complete 
| 247|0x00000000ef700000, 0x00000000ef800000, 0x00000000ef800000|100%| E|CS|TAMS 0x00000000ef700000, 0x00000000ef700000| Complete 
| 248|0x00000000ef800000, 0x00000000ef900000, 0x00000000ef900000|100%| E|CS|TAMS 0x00000000ef800000, 0x00000000ef800000| Complete 
| 249|0x00000000ef900000, 0x00000000efa00000, 0x00000000efa00000|100%| E|CS|TAMS 0x00000000ef900000, 0x00000000ef900000| Complete 
| 250|0x00000000efa00000, 0x00000000efb00000, 0x00000000efb00000|100%| E|CS|TAMS 0x00000000efa00000, 0x00000000efa00000| Complete 
| 251|0x00000000efb00000, 0x00000000efc00000, 0x00000000efc00000|100%| E|CS|TAMS 0x00000000efb00000, 0x00000000efb00000| Complete 
| 252|0x00000000efc00000, 0x00000000efd00000, 0x00000000efd00000|100%| E|CS|TAMS 0x00000000efc00000, 0x00000000efc00000| Complete 
| 253|0x00000000efd00000, 0x00000000efe00000, 0x00000000efe00000|100%| S|CS|TAMS 0x00000000efd00000, 0x00000000efd00000| Complete 
| 254|0x00000000efe00000, 0x00000000eff00000, 0x00000000eff00000|100%| E|CS|TAMS 0x00000000efe00000, 0x00000000efe00000| Complete 
| 255|0x00000000eff00000, 0x00000000f0000000, 0x00000000f0000000|100%| E|CS|TAMS 0x00000000eff00000, 0x00000000eff00000| Complete 

Card table byte_map: [0x000001f34adc0000,0x000001f34aec0000] _byte_map_base: 0x000001f34a6c0000

Marking Bits (Prev, Next): (CMBitMap*) 0x000001f3342d8e10, (CMBitMap*) 0x000001f3342d8e50
 Prev Bits: [0x000001f34afc0000, 0x000001f34b7c0000)
 Next Bits: [0x000001f34b7c0000, 0x000001f34bfc0000)

Polling page: 0x000001f332230000

Metaspace:

Usage:
  Non-class:     31.81 MB used.
      Class:      5.08 MB used.
       Both:     36.88 MB used.

Virtual space:
  Non-class space:       64.00 MB reserved,      32.00 MB ( 50%) committed,  1 nodes.
      Class space:      320.00 MB reserved,       5.31 MB (  2%) committed,  1 nodes.
             Both:      384.00 MB reserved,      37.31 MB ( 10%) committed. 

Chunk freelists:
   Non-Class:  15.26 MB
       Class:  10.54 MB
        Both:  25.81 MB

MaxMetaspaceSize: 384.00 MB
CompressedClassSpaceSize: 320.00 MB
Initial GC threshold: 21.00 MB
Current GC threshold: 58.69 MB
CDS: on
MetaspaceReclaimPolicy: balanced
 - commit_granule_bytes: 65536.
 - commit_granule_words: 8192.
 - virtual_space_node_default_size: 8388608.
 - enlarge_chunks_in_place: 1.
 - new_chunks_are_fully_committed: 0.
 - uncommit_free_chunks: 1.
 - use_allocation_guard: 0.
 - handle_deallocations: 1.


Internal statistics:

num_allocs_failed_limit: 6.
num_arena_births: 364.
num_arena_deaths: 0.
num_vsnodes_births: 2.
num_vsnodes_deaths: 0.
num_space_committed: 597.
num_space_uncommitted: 0.
num_chunks_returned_to_freelist: 6.
num_chunks_taken_from_freelist: 1699.
num_chunk_merges: 6.
num_chunk_splits: 1182.
num_chunks_enlarged: 857.
num_inconsistent_stats: 0.

CodeHeap 'non-profiled nmethods': size=120000Kb used=2417Kb max_used=2417Kb free=117583Kb
 bounds [0x000001f343890000, 0x000001f343b00000, 0x000001f34adc0000]
CodeHeap 'profiled nmethods': size=120000Kb used=9398Kb max_used=9398Kb free=110602Kb
 bounds [0x000001f33bdc0000, 0x000001f33c6f0000, 0x000001f3432f0000]
CodeHeap 'non-nmethods': size=5760Kb used=2298Kb max_used=2333Kb free=3461Kb
 bounds [0x000001f3432f0000, 0x000001f343560000, 0x000001f343890000]
 total_blobs=5179 nmethods=4371 adapters=721
 compilation: enabled
              stopped_count=0, restarted_count=0
 full_count=0

Compilation events (20 events):
Event: 80.026 Thread 0x000001f34e5f01b0 4367       3       org.gradle.internal.service.DefaultServiceRegistry::getService (13 bytes)
Event: 80.027 Thread 0x000001f34e5f01b0 nmethod 4367 0x000001f33c6eb510 code [0x000001f33c6eb6c0, 0x000001f33c6eb838]
Event: 80.028 Thread 0x000001f34e5f01b0 4370       3       java.util.regex.Pattern$$Lambda$21/0x800000029::is (13 bytes)
Event: 80.029 Thread 0x000001f34e5f01b0 nmethod 4370 0x000001f33c6eb910 code [0x000001f33c6ebac0, 0x000001f33c6ebd18]
Event: 80.029 Thread 0x000001f34e5f01b0 4371       3       java.util.regex.Pattern::lambda$Range$17 (7 bytes)
Event: 80.029 Thread 0x000001f34e59a730 nmethod 4365 0x000001f343aeb610 code [0x000001f343aeb7a0, 0x000001f343aeb8b8]
Event: 80.029 Thread 0x000001f34e59a730 4368       4       org.gradle.internal.service.DefaultServiceRegistry$CompositeServiceProvider::getService (49 bytes)
Event: 80.029 Thread 0x000001f34e5f01b0 nmethod 4371 0x000001f33c6ebe10 code [0x000001f33c6ebfa0, 0x000001f33c6ec178]
Event: 80.032 Thread 0x000001f34e5f01b0 4372       3       com.google.common.collect.ImmutableList$Builder::add (34 bytes)
Event: 80.033 Thread 0x000001f34e5f01b0 nmethod 4372 0x000001f33c6ec210 code [0x000001f33c6ec3e0, 0x000001f33c6ec858]
Event: 80.033 Thread 0x000001f34e59a730 nmethod 4368 0x000001f343aeba10 code [0x000001f343aebba0, 0x000001f343aebcb8]
Event: 80.033 Thread 0x000001f34e59a730 4369       4       org.gradle.internal.service.DefaultServiceRegistry$OwnServices::getService (309 bytes)
Event: 80.036 Thread 0x000001f34e5f01b0 4373       3       com.google.common.collect.Iterators$9::hasNext (13 bytes)
Event: 80.036 Thread 0x000001f34e5f01b0 nmethod 4373 0x000001f33c6eca10 code [0x000001f33c6ecba0, 0x000001f33c6ecd18]
Event: 80.041 Thread 0x000001f34e5f01b0 4374       3       sun.nio.fs.WindowsPath::getNameCount (10 bytes)
Event: 80.041 Thread 0x000001f34e5f01b0 nmethod 4374 0x000001f33c6ecd90 code [0x000001f33c6ecf40, 0x000001f33c6ed088]
Event: 80.577 Thread 0x000001f34e5f01b0 4376       1       com.google.common.cache.LocalCache$StrongEntry::getNext (5 bytes)
Event: 80.577 Thread 0x000001f34e5f01b0 nmethod 4376 0x000001f343aebe10 code [0x000001f343aebfa0, 0x000001f343aec078]
Event: 80.578 Thread 0x000001f34e5f01b0 4377  s    3       sun.nio.fs.WindowsDirectoryStream$WindowsDirectoryIterator::next (48 bytes)
Event: 80.579 Thread 0x000001f34e5f01b0 nmethod 4377 0x000001f33c6ed190 code [0x000001f33c6ed360, 0x000001f33c6ed718]

GC Heap History (12 events):
Event: 10.601 GC heap before
{Heap before GC invocations=0 (full 0):
 garbage-first heap   total 262144K, used 13312K [0x00000000e0000000, 0x0000000100000000)
  region size 1024K, 13 young (13312K), 0 survivors (0K)
 Metaspace       used 1048K, committed 1152K, reserved 393216K
  class space    used 83K, committed 128K, reserved 327680K
}
Event: 10.630 GC heap after
{Heap after GC invocations=1 (full 0):
 garbage-first heap   total 262144K, used 3513K [0x00000000e0000000, 0x0000000100000000)
  region size 1024K, 2 young (2048K), 2 survivors (2048K)
 Metaspace       used 1048K, committed 1152K, reserved 393216K
  class space    used 83K, committed 128K, reserved 327680K
}
Event: 21.053 GC heap before
{Heap before GC invocations=1 (full 0):
 garbage-first heap   total 262144K, used 22969K [0x00000000e0000000, 0x0000000100000000)
  region size 1024K, 17 young (17408K), 2 survivors (2048K)
 Metaspace       used 3883K, committed 4032K, reserved 393216K
  class space    used 487K, committed 576K, reserved 327680K
}
Event: 21.076 GC heap after
{Heap after GC invocations=2 (full 0):
 garbage-first heap   total 262144K, used 11096K [0x00000000e0000000, 0x0000000100000000)
  region size 1024K, 3 young (3072K), 3 survivors (3072K)
 Metaspace       used 3883K, committed 4032K, reserved 393216K
  class space    used 487K, committed 576K, reserved 327680K
}
Event: 23.937 GC heap before
{Heap before GC invocations=2 (full 0):
 garbage-first heap   total 262144K, used 31576K [0x00000000e0000000, 0x0000000100000000)
  region size 1024K, 24 young (24576K), 3 survivors (3072K)
 Metaspace       used 4035K, committed 4224K, reserved 393216K
  class space    used 491K, committed 576K, reserved 327680K
}
Event: 23.943 GC heap after
{Heap after GC invocations=3 (full 0):
 garbage-first heap   total 262144K, used 11890K [0x00000000e0000000, 0x0000000100000000)
  region size 1024K, 1 young (1024K), 1 survivors (1024K)
 Metaspace       used 4035K, committed 4224K, reserved 393216K
  class space    used 491K, committed 576K, reserved 327680K
}
Event: 56.328 GC heap before
{Heap before GC invocations=3 (full 0):
 garbage-first heap   total 262144K, used 127602K [0x00000000e0000000, 0x0000000100000000)
  region size 1024K, 115 young (117760K), 1 survivors (1024K)
 Metaspace       used 21171K, committed 21504K, reserved 393216K
  class space    used 3133K, committed 3264K, reserved 327680K
}
Event: 56.396 GC heap after
{Heap after GC invocations=4 (full 0):
 garbage-first heap   total 262144K, used 22487K [0x00000000e0000000, 0x0000000100000000)
  region size 1024K, 12 young (12288K), 12 survivors (12288K)
 Metaspace       used 21171K, committed 21504K, reserved 393216K
  class space    used 3133K, committed 3264K, reserved 327680K
}
Event: 78.303 GC heap before
{Heap before GC invocations=5 (full 0):
 garbage-first heap   total 262144K, used 139223K [0x00000000e0000000, 0x0000000100000000)
  region size 1024K, 122 young (124928K), 12 survivors (12288K)
 Metaspace       used 35411K, committed 35776K, reserved 393216K
  class space    used 4917K, committed 5056K, reserved 327680K
}
Event: 78.394 GC heap after
{Heap after GC invocations=6 (full 0):
 garbage-first heap   total 262144K, used 32569K [0x00000000e0000000, 0x0000000100000000)
  region size 1024K, 11 young (11264K), 11 survivors (11264K)
 Metaspace       used 35411K, committed 35776K, reserved 393216K
  class space    used 4917K, committed 5056K, reserved 327680K
}
Event: 78.519 GC heap before
{Heap before GC invocations=6 (full 0):
 garbage-first heap   total 262144K, used 33593K [0x00000000e0000000, 0x0000000100000000)
  region size 1024K, 13 young (13312K), 11 survivors (11264K)
 Metaspace       used 35591K, committed 35968K, reserved 393216K
  class space    used 4943K, committed 5120K, reserved 327680K
}
Event: 78.547 GC heap after
{Heap after GC invocations=7 (full 0):
 garbage-first heap   total 262144K, used 32574K [0x00000000e0000000, 0x0000000100000000)
  region size 1024K, 1 young (1024K), 1 survivors (1024K)
 Metaspace       used 35591K, committed 35968K, reserved 393216K
  class space    used 4943K, committed 5120K, reserved 327680K
}

Dll operation events (14 events):
Event: 0.119 Loaded shared library C:\Users\USUARIO\.jdks\corretto-17.0.7\bin\java.dll
Event: 0.290 Loaded shared library C:\Users\USUARIO\.jdks\corretto-17.0.7\bin\jsvml.dll
Event: 2.341 Loaded shared library C:\Users\USUARIO\.jdks\corretto-17.0.7\bin\zip.dll
Event: 2.441 Loaded shared library C:\Users\USUARIO\.jdks\corretto-17.0.7\bin\instrument.dll
Event: 2.662 Loaded shared library C:\Users\USUARIO\.jdks\corretto-17.0.7\bin\net.dll
Event: 2.725 Loaded shared library C:\Users\USUARIO\.jdks\corretto-17.0.7\bin\nio.dll
Event: 2.782 Loaded shared library C:\Users\USUARIO\.jdks\corretto-17.0.7\bin\zip.dll
Event: 9.647 Loaded shared library C:\Users\USUARIO\.jdks\corretto-17.0.7\bin\jimage.dll
Event: 10.586 Loaded shared library C:\Users\USUARIO\.jdks\corretto-17.0.7\bin\verify.dll
Event: 14.987 Loaded shared library C:\Users\USUARIO\.gradle\native\68d5fa5c4cc2d200863cafc0d521ce42e7d3e7ee720ec0a83991735586a16f82\windows-amd64\native-platform.dll
Event: 15.177 Loaded shared library C:\Users\USUARIO\.gradle\native\e376f236ea51e6404a007f0833ffe2c6e607c4080706a723a18a27aeea778392\windows-amd64\native-platform-file-events.dll
Event: 26.185 Loaded shared library C:\Users\USUARIO\.jdks\corretto-17.0.7\bin\management.dll
Event: 26.216 Loaded shared library C:\Users\USUARIO\.jdks\corretto-17.0.7\bin\management_ext.dll
Event: 30.740 Loaded shared library C:\Users\USUARIO\.jdks\corretto-17.0.7\bin\sunmscapi.dll

Deoptimization events (20 events):
Event: 79.230 Thread 0x000001f35428ce20 DEOPT PACKING pc=0x000001f343a7d9d8 sp=0x0000005c8c1fa1c0
Event: 79.230 Thread 0x000001f35428ce20 DEOPT UNPACKING pc=0x000001f3433469a3 sp=0x0000005c8c1fa150 mode 2
Event: 79.812 Thread 0x000001f35428ce20 Uncommon trap: trap_request=0xffffff45 fr.pc=0x000001f3438f480c relative=0x000000000000016c
Event: 79.812 Thread 0x000001f35428ce20 Uncommon trap: reason=unstable_if action=reinterpret pc=0x000001f3438f480c method=java.net.URI$Parser.scan(IILjava/lang/String;)I @ 26 c2
Event: 79.813 Thread 0x000001f35428ce20 DEOPT PACKING pc=0x000001f3438f480c sp=0x0000005c8c1f98d0
Event: 79.813 Thread 0x000001f35428ce20 DEOPT UNPACKING pc=0x000001f3433469a3 sp=0x0000005c8c1f9860 mode 2
Event: 79.813 Thread 0x000001f35428ce20 Uncommon trap: trap_request=0xffffff45 fr.pc=0x000001f3438ee3b4 relative=0x0000000000000114
Event: 79.813 Thread 0x000001f35428ce20 Uncommon trap: reason=unstable_if action=reinterpret pc=0x000001f3438ee3b4 method=java.net.URI.match(CJJ)Z @ 45 c2
Event: 79.813 Thread 0x000001f35428ce20 DEOPT PACKING pc=0x000001f3438ee3b4 sp=0x0000005c8c1f9650
Event: 79.813 Thread 0x000001f35428ce20 DEOPT UNPACKING pc=0x000001f3433469a3 sp=0x0000005c8c1f9578 mode 2
Event: 79.813 Thread 0x000001f35428ce20 Uncommon trap: trap_request=0xffffff45 fr.pc=0x000001f3438bb548 relative=0x0000000000000048
Event: 79.813 Thread 0x000001f35428ce20 Uncommon trap: reason=unstable_if action=reinterpret pc=0x000001f3438bb548 method=java.net.URI.match(CJJ)Z @ 19 c2
Event: 79.813 Thread 0x000001f35428ce20 DEOPT PACKING pc=0x000001f3438bb548 sp=0x0000005c8c1f9650
Event: 79.813 Thread 0x000001f35428ce20 DEOPT UNPACKING pc=0x000001f3433469a3 sp=0x0000005c8c1f9600 mode 2
Event: 80.061 Thread 0x000001f35428ce20 DEOPT PACKING pc=0x000001f33be8fe4b sp=0x0000005c8c1f9a60
Event: 80.099 Thread 0x000001f35428ce20 DEOPT UNPACKING pc=0x000001f343347143 sp=0x0000005c8c1f8f80 mode 0
Event: 80.099 Thread 0x000001f35428ce20 Uncommon trap: trap_request=0xffffff45 fr.pc=0x000001f3438c3264 relative=0x0000000000000064
Event: 80.099 Thread 0x000001f35428ce20 Uncommon trap: reason=unstable_if action=reinterpret pc=0x000001f3438c3264 method=java.io.WinNTFileSystem.isSlash(C)Z @ 9 c2
Event: 80.099 Thread 0x000001f35428ce20 DEOPT PACKING pc=0x000001f3438c3264 sp=0x0000005c8c1f9a80
Event: 80.099 Thread 0x000001f35428ce20 DEOPT UNPACKING pc=0x000001f3433469a3 sp=0x0000005c8c1f9a08 mode 2

Classes unloaded (0 events):
No events

Classes redefined (0 events):
No events

Internal exceptions (20 events):
Event: 75.308 Thread 0x000001f35428ce20 Exception <a 'java/lang/ClassNotFoundException'{0x00000000ea2b9c20}: org/gradle/plugin/use/internal/PluginsAwareScriptBeanInfo> (0x00000000ea2b9c20) 
thrown [s\src\hotspot\share\classfile\systemDictionary.cpp, line 256]
Event: 75.309 Thread 0x000001f35428ce20 Exception <a 'java/lang/ClassNotFoundException'{0x00000000ea2c46c8}: org/gradle/plugin/use/internal/PluginsAwareScriptCustomizer> (0x00000000ea2c46c8) 
thrown [s\src\hotspot\share\classfile\systemDictionary.cpp, line 256]
Event: 75.314 Thread 0x000001f35428ce20 Exception <a 'java/lang/ClassNotFoundException'{0x00000000ea2d70c8}: org/gradle/initialization/SettingsScriptCustomizer> (0x00000000ea2d70c8) 
thrown [s\src\hotspot\share\classfile\systemDictionary.cpp, line 256]
Event: 75.317 Thread 0x000001f35428ce20 Exception <a 'java/lang/ClassNotFoundException'{0x00000000ea2e5128}: settings_7d0u004t0ypsjkwqt0yjxjbhlCustomizer> (0x00000000ea2e5128) 
thrown [s\src\hotspot\share\classfile\systemDictionary.cpp, line 256]
Event: 75.411 Thread 0x000001f35428ce20 Exception <a 'java/lang/ClassNotFoundException'{0x00000000ea17ad00}: org/gradle/initialization/DefaultSettings_DecoratedBeanInfo> (0x00000000ea17ad00) 
thrown [s\src\hotspot\share\classfile\systemDictionary.cpp, line 256]
Event: 75.418 Thread 0x000001f35428ce20 Exception <a 'java/lang/ClassNotFoundException'{0x00000000ea18afe8}: org/gradle/initialization/DefaultSettingsBeanInfo> (0x00000000ea18afe8) 
thrown [s\src\hotspot\share\classfile\systemDictionary.cpp, line 256]
Event: 75.421 Thread 0x000001f35428ce20 Exception <a 'java/lang/ClassNotFoundException'{0x00000000ea19a838}: org/gradle/initialization/DefaultSettingsCustomizer> (0x00000000ea19a838) 
thrown [s\src\hotspot\share\classfile\systemDictionary.cpp, line 256]
Event: 75.447 Thread 0x000001f35428ce20 Exception <a 'java/lang/ClassNotFoundException'{0x00000000ea1df290}: org/gradle/initialization/DefaultSettings_DecoratedCustomizer> (0x00000000ea1df290) 
thrown [s\src\hotspot\share\classfile\systemDictionary.cpp, line 256]
Event: 75.518 Thread 0x000001f35428ce20 Exception <a 'java/lang/ClassNotFoundException'{0x00000000ea053508}: org/gradle/initialization/DefaultProjectDescriptorBeanInfo> (0x00000000ea053508) 
thrown [s\src\hotspot\share\classfile\systemDictionary.cpp, line 256]
Event: 75.521 Thread 0x000001f35428ce20 Exception <a 'java/lang/ClassNotFoundException'{0x00000000ea062058}: org/gradle/initialization/DefaultProjectDescriptorCustomizer> (0x00000000ea062058) 
thrown [s\src\hotspot\share\classfile\systemDictionary.cpp, line 256]
Event: 75.628 Thread 0x000001f35428ce20 Exception <a 'java/lang/NoSuchMethodError'{0x00000000ea0a8e00}: 'void java.lang.invoke.DirectMethodHandle$Holder.invokeInterface(java.lang.Object, java.lang.Object)'> (0x00000000ea0a8e00) 
thrown [s\src\hotspot\share\interpreter\linkResolver.cpp, line 759]
Event: 75.818 Thread 0x000001f35428ce20 Implicit null exception at 0x000001f343a2676c to 0x000001f343a2681c
Event: 77.430 Thread 0x000001f35428ce20 Exception <a 'java/lang/ClassNotFoundException'{0x00000000e977efb0}: org/gradle/internal/metaobject/ConfigureDelegateBeanInfo> (0x00000000e977efb0) 
thrown [s\src\hotspot\share\classfile\systemDictionary.cpp, line 256]
Event: 77.433 Thread 0x000001f35428ce20 Exception <a 'java/lang/ClassNotFoundException'{0x00000000e978af30}: org/gradle/internal/metaobject/ConfigureDelegateCustomizer> (0x00000000e978af30) 
thrown [s\src\hotspot\share\classfile\systemDictionary.cpp, line 256]
Event: 77.513 Thread 0x000001f35428ce20 Exception <a 'java/lang/ClassNotFoundException'{0x00000000e967ca20}: org/gradle/api/internal/project/DefaultProject_DecoratedBeanInfo> (0x00000000e967ca20) 
thrown [s\src\hotspot\share\classfile\systemDictionary.cpp, line 256]
Event: 77.515 Thread 0x000001f35428ce20 Exception <a 'java/lang/ClassNotFoundException'{0x00000000e9689bf8}: org/gradle/api/internal/project/DefaultProjectBeanInfo> (0x00000000e9689bf8) 
thrown [s\src\hotspot\share\classfile\systemDictionary.cpp, line 256]
Event: 77.518 Thread 0x000001f35428ce20 Exception <a 'java/lang/ClassNotFoundException'{0x00000000e9696b58}: org/gradle/api/internal/project/DefaultProjectCustomizer> (0x00000000e9696b58) 
thrown [s\src\hotspot\share\classfile\systemDictionary.cpp, line 256]
Event: 77.632 Thread 0x000001f35428ce20 Exception <a 'java/lang/ClassNotFoundException'{0x00000000e953f910}: org/gradle/api/internal/project/DefaultProject_DecoratedCustomizer> (0x00000000e953f910) 
thrown [s\src\hotspot\share\classfile\systemDictionary.cpp, line 256]
Event: 78.902 Thread 0x000001f35428ce20 Exception <a 'java/lang/NoSuchMethodError'{0x00000000efc97328}: 'long java.lang.invoke.DirectMethodHandle$Holder.invokeStatic(java.lang.Object, long)'> (0x00000000efc97328) 
thrown [s\src\hotspot\share\interpreter\linkResolver.cpp, line 759]
Event: 80.011 Thread 0x000001f35428ce20 Exception <a 'java/lang/NoSuchMethodError'{0x00000000ef15f2a8}: 'void java.lang.invoke.DirectMethodHandle$Holder.invokeStatic(java.lang.Object, java.lang.Object, java.lang.Object, java.lang.Object, java.lang.Object, java.lang.Object)'> (0x00000000ef15f2a8) 
thrown [s\src\hotspot\share\interpreter\linkResolver.cpp, line 759]

VM Operations (20 events):
Event: 75.826 Executing VM operation: Cleanup
Event: 75.864 Executing VM operation: Cleanup done
Event: 76.867 Executing VM operation: Cleanup
Event: 76.868 Executing VM operation: Cleanup done
Event: 76.972 Executing VM operation: HandshakeAllThreads
Event: 76.972 Executing VM operation: HandshakeAllThreads done
Event: 77.728 Executing VM operation: HandshakeAllThreads
Event: 77.728 Executing VM operation: HandshakeAllThreads done
Event: 78.301 Executing VM operation: G1CollectForAllocation
Event: 78.395 Executing VM operation: G1CollectForAllocation done
Event: 78.518 Executing VM operation: CollectForMetadataAllocation
Event: 78.547 Executing VM operation: CollectForMetadataAllocation done
Event: 78.637 Executing VM operation: G1Concurrent
Event: 78.648 Executing VM operation: G1Concurrent done
Event: 78.708 Executing VM operation: G1Concurrent
Event: 78.712 Executing VM operation: G1Concurrent done
Event: 78.973 Executing VM operation: HandshakeAllThreads
Event: 78.973 Executing VM operation: HandshakeAllThreads done
Event: 79.985 Executing VM operation: Cleanup
Event: 79.986 Executing VM operation: Cleanup done

Events (20 events):
Event: 79.036 loading class java/lang/StringIndexOutOfBoundsException
Event: 79.036 loading class java/lang/StringIndexOutOfBoundsException done
Event: 79.826 loading class javax/net/ssl/HostnameVerifier
Event: 79.826 loading class javax/net/ssl/HostnameVerifier done
Event: 79.841 loading class javax/net/ssl/TrustManager
Event: 79.842 loading class javax/net/ssl/TrustManager done
Event: 79.843 loading class javax/net/ssl/X509TrustManager
Event: 79.844 loading class javax/net/ssl/X509TrustManager done
Event: 79.879 loading class javax/net/ssl/SSLException
Event: 79.879 loading class javax/net/ssl/SSLException done
Event: 79.880 loading class javax/net/ssl/SSLPeerUnverifiedException
Event: 79.880 loading class javax/net/ssl/SSLPeerUnverifiedException done
Event: 79.881 loading class javax/naming/NamingException
Event: 79.881 loading class javax/naming/NamingException done
Event: 79.882 loading class javax/naming/InvalidNameException
Event: 79.882 loading class javax/naming/InvalidNameException done
Event: 79.883 loading class java/security/cert/CertificateParsingException
Event: 79.883 loading class java/security/cert/CertificateException
Event: 79.884 loading class java/security/cert/CertificateException done
Event: 79.884 loading class java/security/cert/CertificateParsingException done


Dynamic libraries:
0x00007ff661db0000 - 0x00007ff661dbd000 	C:\Users\USUARIO\.jdks\corretto-17.0.7\bin\java.exe
0x00007ffb7a210000 - 0x00007ffb7a408000 	C:\Windows\SYSTEM32\ntdll.dll
0x00007ffb74fe0000 - 0x00007ffb74ff9000 	C:\Program Files\AVG\Antivirus\aswhook.dll
0x00007ffb78d00000 - 0x00007ffb78dbf000 	C:\Windows\System32\KERNEL32.DLL
0x00007ffb77c50000 - 0x00007ffb77f46000 	C:\Windows\System32\KERNELBASE.dll
0x00007ffb779e0000 - 0x00007ffb77ae0000 	C:\Windows\System32\ucrtbase.dll
0x00007ffb75020000 - 0x00007ffb75037000 	C:\Users\USUARIO\.jdks\corretto-17.0.7\bin\jli.dll
0x00007ffb798e0000 - 0x00007ffb79a7d000 	C:\Windows\System32\USER32.dll
0x00007ffb78240000 - 0x00007ffb78262000 	C:\Windows\System32\win32u.dll
0x00007ffb78e80000 - 0x00007ffb78eac000 	C:\Windows\System32\GDI32.dll
0x00007ffb78120000 - 0x00007ffb78235000 	C:\Windows\System32\gdi32full.dll
0x00007ffb77940000 - 0x00007ffb779dd000 	C:\Windows\System32\msvcp_win.dll
0x00007ffb75000000 - 0x00007ffb75015000 	C:\Users\USUARIO\.jdks\corretto-17.0.7\bin\VCRUNTIME140.dll
0x00007ffb691e0000 - 0x00007ffb6947a000 	C:\Windows\WinSxS\amd64_microsoft.windows.common-controls_6595b64144ccf1df_6.0.19041.1110_none_60b5254171f9507e\COMCTL32.dll
0x00007ffb78dd0000 - 0x00007ffb78e6e000 	C:\Windows\System32\msvcrt.dll
0x00007ffb789c0000 - 0x00007ffb789f0000 	C:\Windows\System32\IMM32.DLL
0x00007ffb6b350000 - 0x00007ffb6b3eb000 	C:\Users\USUARIO\.jdks\corretto-17.0.7\bin\msvcp140.dll
0x00007ffb3fac0000 - 0x00007ffb406da000 	C:\Users\USUARIO\.jdks\corretto-17.0.7\bin\server\jvm.dll
0x00007ffb79210000 - 0x00007ffb792bf000 	C:\Windows\System32\ADVAPI32.dll
0x00007ffb79620000 - 0x00007ffb796bc000 	C:\Windows\System32\sechost.dll
0x00007ffb79080000 - 0x00007ffb791a6000 	C:\Windows\System32\RPCRT4.dll
0x00007ffb6ed30000 - 0x00007ffb6ed57000 	C:\Windows\SYSTEM32\WINMM.dll
0x00007ffb66850000 - 0x00007ffb66859000 	C:\Windows\SYSTEM32\WSOCK32.dll
0x00007ffb6ed60000 - 0x00007ffb6ed6a000 	C:\Windows\SYSTEM32\VERSION.dll
0x00007ffb782d0000 - 0x00007ffb7833b000 	C:\Windows\System32\WS2_32.dll
0x00007ffb75790000 - 0x00007ffb757a2000 	C:\Windows\SYSTEM32\kernel.appcore.dll
0x00007ffb6f290000 - 0x00007ffb6f29a000 	C:\Users\USUARIO\.jdks\corretto-17.0.7\bin\jimage.dll
0x00007ffb6cd70000 - 0x00007ffb6cf54000 	C:\Windows\SYSTEM32\DBGHELP.DLL
0x00007ffb6cd30000 - 0x00007ffb6cd64000 	C:\Windows\SYSTEM32\dbgcore.DLL
0x00007ffb77bc0000 - 0x00007ffb77c42000 	C:\Windows\System32\bcryptPrimitives.dll
0x00007ffb75090000 - 0x00007ffb7509e000 	C:\Users\USUARIO\.jdks\corretto-17.0.7\bin\instrument.dll
0x00007ffb6bd20000 - 0x00007ffb6bd45000 	C:\Users\USUARIO\.jdks\corretto-17.0.7\bin\java.dll
0x00007ffb4b500000 - 0x00007ffb4b5d6000 	C:\Users\USUARIO\.jdks\corretto-17.0.7\bin\jsvml.dll
0x00007ffb79a80000 - 0x00007ffb7a1c4000 	C:\Windows\System32\SHELL32.dll
0x00007ffb75990000 - 0x00007ffb76123000 	C:\Windows\SYSTEM32\windows.storage.dll
0x00007ffb792c0000 - 0x00007ffb79614000 	C:\Windows\System32\combase.dll
0x00007ffb77260000 - 0x00007ffb7728e000 	C:\Windows\SYSTEM32\Wldp.dll
0x00007ffb78fd0000 - 0x00007ffb7907d000 	C:\Windows\System32\SHCORE.dll
0x00007ffb784f0000 - 0x00007ffb78545000 	C:\Windows\System32\shlwapi.dll
0x00007ffb77820000 - 0x00007ffb77845000 	C:\Windows\SYSTEM32\profapi.dll
0x00007ffb6b990000 - 0x00007ffb6b9a8000 	C:\Users\USUARIO\.jdks\corretto-17.0.7\bin\zip.dll
0x00007ffb6b330000 - 0x00007ffb6b349000 	C:\Users\USUARIO\.jdks\corretto-17.0.7\bin\net.dll
0x00007ffb6d060000 - 0x00007ffb6d16a000 	C:\Windows\SYSTEM32\WINHTTP.dll
0x00007ffb76fc0000 - 0x00007ffb7702a000 	C:\Windows\system32\mswsock.dll
0x00007ffb6b310000 - 0x00007ffb6b325000 	C:\Users\USUARIO\.jdks\corretto-17.0.7\bin\nio.dll
0x00007ffb6c1e0000 - 0x00007ffb6c1f0000 	C:\Users\USUARIO\.jdks\corretto-17.0.7\bin\verify.dll
0x00007ffb62440000 - 0x00007ffb62467000 	C:\Users\USUARIO\.gradle\native\68d5fa5c4cc2d200863cafc0d521ce42e7d3e7ee720ec0a83991735586a16f82\windows-amd64\native-platform.dll
0x00007ffb45fe0000 - 0x00007ffb46124000 	C:\Users\USUARIO\.gradle\native\e376f236ea51e6404a007f0833ffe2c6e607c4080706a723a18a27aeea778392\windows-amd64\native-platform-file-events.dll
0x00007ffb71840000 - 0x00007ffb71849000 	C:\Users\USUARIO\.jdks\corretto-17.0.7\bin\management.dll
0x00007ffb71830000 - 0x00007ffb7183b000 	C:\Users\USUARIO\.jdks\corretto-17.0.7\bin\management_ext.dll
0x00007ffb78e70000 - 0x00007ffb78e78000 	C:\Windows\System32\PSAPI.DLL
0x00007ffb771b0000 - 0x00007ffb771c8000 	C:\Windows\SYSTEM32\CRYPTSP.dll
0x00007ffb768d0000 - 0x00007ffb76904000 	C:\Windows\system32\rsaenh.dll
0x00007ffb77ae0000 - 0x00007ffb77b07000 	C:\Windows\System32\bcrypt.dll
0x00007ffb777e0000 - 0x00007ffb7780e000 	C:\Windows\SYSTEM32\USERENV.dll
0x00007ffb771d0000 - 0x00007ffb771dc000 	C:\Windows\SYSTEM32\CRYPTBASE.dll
0x00007ffb76cb0000 - 0x00007ffb76ceb000 	C:\Windows\SYSTEM32\IPHLPAPI.DLL
0x00007ffb78dc0000 - 0x00007ffb78dc8000 	C:\Windows\System32\NSI.dll
0x00007ffb6d290000 - 0x00007ffb6d2a7000 	C:\Windows\SYSTEM32\dhcpcsvc6.DLL
0x00007ffb6e010000 - 0x00007ffb6e02d000 	C:\Windows\SYSTEM32\dhcpcsvc.DLL
0x00007ffb76cf0000 - 0x00007ffb76dba000 	C:\Windows\SYSTEM32\DNSAPI.dll
0x00007ffb71080000 - 0x00007ffb7108e000 	C:\Users\USUARIO\.jdks\corretto-17.0.7\bin\sunmscapi.dll
0x00007ffb77fc0000 - 0x00007ffb7811e000 	C:\Windows\System32\CRYPT32.dll
0x00007ffb772d0000 - 0x00007ffb772f8000 	C:\Windows\SYSTEM32\ncrypt.dll
0x00007ffb77290000 - 0x00007ffb772cb000 	C:\Windows\SYSTEM32\NTASN1.dll
0x00007ffb710c0000 - 0x00007ffb710c7000 	C:\Windows\system32\wshunix.dll

dbghelp: loaded successfully - version: 4.0.5 - missing functions: none
symbol engine: initialized successfully - sym options: 0x614 - pdb path: .;C:\Users\USUARIO\.jdks\corretto-17.0.7\bin;C:\Windows\SYSTEM32;C:\Program Files\AVG\Antivirus;C:\Windows\WinSxS\amd64_microsoft.windows.common-controls_6595b64144ccf1df_6.0.19041.1110_none_60b5254171f9507e;C:\Users\USUARIO\.jdks\corretto-17.0.7\bin\server;C:\Users\USUARIO\.gradle\native\68d5fa5c4cc2d200863cafc0d521ce42e7d3e7ee720ec0a83991735586a16f82\windows-amd64;C:\Users\USUARIO\.gradle\native\e376f236ea51e6404a007f0833ffe2c6e607c4080706a723a18a27aeea778392\windows-amd64

VM Arguments:
jvm_args: --add-opens=java.base/java.util=ALL-UNNAMED --add-opens=java.base/java.lang=ALL-UNNAMED --add-opens=java.base/java.lang.invoke=ALL-UNNAMED --add-opens=java.prefs/java.util.prefs=ALL-UNNAMED --add-opens=java.base/java.nio.charset=ALL-UNNAMED --add-opens=java.base/java.net=ALL-UNNAMED --add-opens=java.base/java.util.concurrent.atomic=ALL-UNNAMED -XX:MaxMetaspaceSize=384m -XX:+HeapDumpOnOutOfMemoryError -Xms256m -Xmx512m -Dfile.encoding=windows-1252 -Duser.country=CO -Duser.language=es -Duser.variant -javaagent:C:\Users\USUARIO\.gradle\wrapper\dists\gradle-8.2.1-bin\5hap6b9n41hkg4jeh2au2pllh\gradle-8.2.1\lib\agents\gradle-instrumentation-agent-8.2.1.jar 
java_command: org.gradle.launcher.daemon.bootstrap.GradleDaemon 8.2.1
java_class_path (initial): C:\Users\USUARIO\.gradle\wrapper\dists\gradle-8.2.1-bin\5hap6b9n41hkg4jeh2au2pllh\gradle-8.2.1\lib\gradle-launcher-8.2.1.jar
Launcher Type: SUN_STANDARD

[Global flags]
     intx CICompilerCount                          = 3                                         {product} {ergonomic}
   size_t CompressedClassSpaceSize                 = 335544320                                 {product} {ergonomic}
     uint ConcGCThreads                            = 1                                         {product} {ergonomic}
     uint G1ConcRefinementThreads                  = 4                                         {product} {ergonomic}
   size_t G1HeapRegionSize                         = 1048576                                   {product} {ergonomic}
    uintx GCDrainStackTargetSize                   = 64                                        {product} {ergonomic}
     bool HeapDumpOnOutOfMemoryError               = true                                   {manageable} {command line}
   size_t InitialHeapSize                          = 268435456                                 {product} {command line}
   size_t MarkStackSize                            = 4194304                                   {product} {ergonomic}
   size_t MaxHeapSize                              = 536870912                                 {product} {command line}
   size_t MaxMetaspaceSize                         = 402653184                                 {product} {command line}
   size_t MaxNewSize                               = 321912832                                 {product} {ergonomic}
   size_t MinHeapDeltaBytes                        = 1048576                                   {product} {ergonomic}
   size_t MinHeapSize                              = 268435456                                 {product} {command line}
    uintx NonNMethodCodeHeapSize                   = 5832780                                {pd product} {ergonomic}
    uintx NonProfiledCodeHeapSize                  = 122912730                              {pd product} {ergonomic}
    uintx ProfiledCodeHeapSize                     = 122912730                              {pd product} {ergonomic}
    uintx ReservedCodeCacheSize                    = 251658240                              {pd product} {ergonomic}
     bool SegmentedCodeCache                       = true                                      {product} {ergonomic}
   size_t SoftMaxHeapSize                          = 536870912                              {manageable} {ergonomic}
     bool UseCompressedClassPointers               = true                           {product lp64_product} {ergonomic}
     bool UseCompressedOops                        = true                           {product lp64_product} {ergonomic}
     bool UseG1GC                                  = true                                      {product} {ergonomic}
     bool UseLargePagesIndividualAllocation        = false                                  {pd product} {ergonomic}

Logging:
Log output configuration:
 #0: stdout all=warning uptime,level,tags
 #1: stderr all=off uptime,level,tags

Environment Variables:
PATH=C:\Program Files\Common Files\Oracle\Java\javapath;C:\Program Files (x86)\Common Files\Oracle\Java\javapath;C:\Windows\system32;C:\Windows;C:\Windows\System32\Wbem;C:\Windows\System32\WindowsPowerShell\v1.0\;C:\Windows\System32\OpenSSH\;C:\Program Files\Git\cmd;C:\Users\USUARIO\Downloads\apache-maven-3.9.2\bin;C:\Program Files\nodejs\;C:\Users\USUARIO\AppData\Local\Programs\Python\Python311\Scripts\;C:\Users\USUARIO\AppData\Local\Programs\Python\Python311\;C:\Program Files\MySQL\MySQL Shell 8.0\bin\;C:\Users\USUARIO\AppData\Local\Microsoft\WindowsApps;;C:\Users\USUARIO\AppData\Local\Programs\Microsoft VS Code\bin;C:\Program Files\JetBrains\IntelliJ IDEA Community Edition 2023.1.2\bin;;C:\Users\USUARIO\AppData\Roaming\npm
USERNAME=USUARIO
OS=Windows_NT
PROCESSOR_IDENTIFIER=AMD64 Family 22 Model 0 Stepping 1, AuthenticAMD
TMP=C:\Users\USUARIO\AppData\Local\Temp
TEMP=C:\Users\USUARIO\AppData\Local\Temp



---------------  S Y S T E M  ---------------

OS:
 Windows 10 , 64 bit Build 19041 (10.0.19041.3155)
OS uptime: 9 days 5:18 hours

CPU: total 4 (initial active 4) (4 cores per cpu, 1 threads per core) family 22 model 0 stepping 1 microcode 0x0, cx8, cmov, fxsr, mmx, 3dnowpref, sse, sse2, sse3, ssse3, sse4a, sse4.1, sse4.2, popcnt, lzcnt, tsc, tscinvbit, avx, aes, clmul, bmi1, vzeroupper, clflush

Memory: 4k page, system-wide physical 3537M (366M free)
TotalPageFile size 9681M (AvailPageFile size 3M)
current process WorkingSet (physical memory assigned to process): 273M, peak: 273M
current process commit charge ("private bytes"): 429M, peak: 431M

vm_info: OpenJDK 64-Bit Server VM (17.0.7+7-LTS) for windows-amd64 JRE (17.0.7+7-LTS), built on Apr 14 2023 01:39:21 by "Administrator" with MS VC++ 15.9 (VS2017)

END.
